<?xml version="1.0" encoding="UTF-8"?>
<testResults version="1.2">
<httpSample t="3723" lt="3285" ts="1495541088603" s="true" lb="HTTP_Request" rc="200" rm="OK" tn="Thread Group 1-1" dt="text" by="36776" ng="1" na="1">
  <requestHeader class="java.lang.String">Connection: keep-alive
Content-Type: multipart/form-data; boundary=l0_u4C9gUfsA8w4QMUoMKtg1KsXrq7eTCEyFM
Content-Length: 30047
User-Agent: Jakarta Commons-HttpClient/3.1
Host: cite.opengeospatial.org
</requestHeader>
  <responseData class="java.lang.String">&lt;?xml version=&quot;1.0&quot; encoding=&quot;UTF-8&quot;?&gt;&lt;testng-results skipped=&quot;7&quot; failed=&quot;1&quot; total=&quot;33&quot; passed=&quot;25&quot;&gt;
  &lt;reporter-output&gt;
  &lt;/reporter-output&gt;
  &lt;suite name=&quot;gml32-1.25&quot; duration-ms=&quot;1991&quot; started-at=&quot;2017-05-23T12:04:49Z&quot; finished-at=&quot;2017-05-23T12:04:51Z&quot;&gt;
    &lt;groups&gt;
    &lt;/groups&gt;
    &lt;test name=&quot;All GML application schemas&quot; duration-ms=&quot;905&quot; started-at=&quot;2017-05-23T12:04:49Z&quot; finished-at=&quot;2017-05-23T12:04:50Z&quot;&gt;
      &lt;class name=&quot;org.opengis.cite.iso19136.general.ModelAndSyntaxTests&quot;&gt;
        &lt;test-method status=&quot;PASS&quot; signature=&quot;initSchemaModelFixture(org.testng.ITestContext)[pri:0, instance:org.opengis.cite.iso19136.general.ModelAndSyntaxTests@108dd1ef]&quot; name=&quot;initSchemaModelFixture&quot; is-config=&quot;true&quot; duration-ms=&quot;0&quot; started-at=&quot;2017-05-23T08:04:50Z&quot; finished-at=&quot;2017-05-23T08:04:50Z&quot;&gt;
          &lt;params&gt;
            &lt;param index=&quot;0&quot;&gt;
              &lt;value&gt;
                org.testng.TestRunner@a77a9b4
              &lt;/value&gt;
            &lt;/param&gt;
          &lt;/params&gt;
          &lt;reporter-output&gt;
          &lt;/reporter-output&gt;
        &lt;/test-method&gt; &lt;!-- initSchemaModelFixture --&gt;
        &lt;test-method status=&quot;PASS&quot; signature=&quot;verifyGMLObjectPropertyPattern()[pri:0, instance:org.opengis.cite.iso19136.general.ModelAndSyntaxTests@108dd1ef]&quot; name=&quot;verifyGMLObjectPropertyPattern&quot; duration-ms=&quot;1&quot; started-at=&quot;2017-05-23T08:04:50Z&quot; description=&quot;See ISO 19136: 7.1.3, A.1.1.7&quot; finished-at=&quot;2017-05-23T08:04:50Z&quot;&gt;
          &lt;reporter-output&gt;
          &lt;/reporter-output&gt;
        &lt;/test-method&gt; &lt;!-- verifyGMLObjectPropertyPattern --&gt;
      &lt;/class&gt; &lt;!-- org.opengis.cite.iso19136.general.ModelAndSyntaxTests --&gt;
      &lt;class name=&quot;org.opengis.cite.iso19136.general.GeneralSchemaTests&quot;&gt;
        &lt;test-method status=&quot;PASS&quot; signature=&quot;createSchemaModel(org.testng.ITestContext)[pri:0, instance:org.opengis.cite.iso19136.general.GeneralSchemaTests@60d68218]&quot; name=&quot;createSchemaModel&quot; is-config=&quot;true&quot; duration-ms=&quot;138&quot; started-at=&quot;2017-05-23T08:04:50Z&quot; finished-at=&quot;2017-05-23T08:04:50Z&quot;&gt;
          &lt;params&gt;
            &lt;param index=&quot;0&quot;&gt;
              &lt;value&gt;
                org.testng.TestRunner@a77a9b4
              &lt;/value&gt;
            &lt;/param&gt;
          &lt;/params&gt;
          &lt;reporter-output&gt;
          &lt;/reporter-output&gt;
        &lt;/test-method&gt; &lt;!-- createSchemaModel --&gt;
        &lt;test-method status=&quot;PASS&quot; signature=&quot;declareTargetNamespace()[pri:0, instance:org.opengis.cite.iso19136.general.GeneralSchemaTests@60d68218]&quot; name=&quot;declareTargetNamespace&quot; duration-ms=&quot;1&quot; started-at=&quot;2017-05-23T08:04:50Z&quot; description=&quot;See ISO 19136: 21.2.2, A.1.1.1&quot; finished-at=&quot;2017-05-23T08:04:50Z&quot;&gt;
          &lt;reporter-output&gt;
          &lt;/reporter-output&gt;
        &lt;/test-method&gt; &lt;!-- declareTargetNamespace --&gt;
        &lt;test-method status=&quot;PASS&quot; signature=&quot;importFullGMLSchema()[pri:0, instance:org.opengis.cite.iso19136.general.GeneralSchemaTests@60d68218]&quot; name=&quot;importFullGMLSchema&quot; duration-ms=&quot;0&quot; started-at=&quot;2017-05-23T08:04:50Z&quot; description=&quot;See ISO 19136: 21.2.3, A.1.1.3&quot; finished-at=&quot;2017-05-23T08:04:50Z&quot;&gt;
          &lt;reporter-output&gt;
          &lt;/reporter-output&gt;
        &lt;/test-method&gt; &lt;!-- importFullGMLSchema --&gt;
        &lt;test-method status=&quot;PASS&quot; signature=&quot;declaresGMLObjects()[pri:0, instance:org.opengis.cite.iso19136.general.GeneralSchemaTests@60d68218]&quot; name=&quot;declaresGMLObjects&quot; duration-ms=&quot;0&quot; started-at=&quot;2017-05-23T08:04:50Z&quot; description=&quot;See ISO 19136: 21.2.1, A.1.1.2&quot; finished-at=&quot;2017-05-23T08:04:50Z&quot;&gt;
          &lt;reporter-output&gt;
          &lt;/reporter-output&gt;
        &lt;/test-method&gt; &lt;!-- declaresGMLObjects --&gt;
      &lt;/class&gt; &lt;!-- org.opengis.cite.iso19136.general.GeneralSchemaTests --&gt;
      &lt;class name=&quot;org.opengis.cite.iso19136.general.XMLSchemaTests&quot;&gt;
        &lt;test-method status=&quot;PASS&quot; signature=&quot;getSchemaURIsFromTestContext(org.testng.ITestContext)[pri:0, instance:org.opengis.cite.iso19136.general.XMLSchemaTests@269e4fd6]&quot; name=&quot;getSchemaURIsFromTestContext&quot; is-config=&quot;true&quot; duration-ms=&quot;0&quot; started-at=&quot;2017-05-23T08:04:49Z&quot; finished-at=&quot;2017-05-23T08:04:49Z&quot;&gt;
          &lt;params&gt;
            &lt;param index=&quot;0&quot;&gt;
              &lt;value&gt;
                org.testng.TestRunner@a77a9b4
              &lt;/value&gt;
            &lt;/param&gt;
          &lt;/params&gt;
          &lt;reporter-output&gt;
          &lt;/reporter-output&gt;
        &lt;/test-method&gt; &lt;!-- getSchemaURIsFromTestContext --&gt;
        &lt;test-method status=&quot;PASS&quot; signature=&quot;compileXMLSchema(org.testng.ITestContext)[pri:0, instance:org.opengis.cite.iso19136.general.XMLSchemaTests@269e4fd6]&quot; name=&quot;compileXMLSchema&quot; duration-ms=&quot;764&quot; started-at=&quot;2017-05-23T08:04:49Z&quot; description=&quot;See ISO 19136: A.1.1.4&quot; finished-at=&quot;2017-05-23T08:04:50Z&quot;&gt;
          &lt;params&gt;
            &lt;param index=&quot;0&quot;&gt;
              &lt;value&gt;
                org.testng.TestRunner@a77a9b4
              &lt;/value&gt;
            &lt;/param&gt;
          &lt;/params&gt;
          &lt;reporter-output&gt;
          &lt;/reporter-output&gt;
        &lt;/test-method&gt; &lt;!-- compileXMLSchema --&gt;
      &lt;/class&gt; &lt;!-- org.opengis.cite.iso19136.general.XMLSchemaTests --&gt;
      &lt;class name=&quot;org.opengis.cite.iso19136.general.ComplexPropertyTests&quot;&gt;
        &lt;test-method status=&quot;PASS&quot; signature=&quot;initSchemaModelFixture(org.testng.ITestContext)[pri:0, instance:org.opengis.cite.iso19136.general.ComplexPropertyTests@29705845]&quot; name=&quot;initSchemaModelFixture&quot; is-config=&quot;true&quot; duration-ms=&quot;0&quot; started-at=&quot;2017-05-23T08:04:50Z&quot; finished-at=&quot;2017-05-23T08:04:50Z&quot;&gt;
          &lt;params&gt;
            &lt;param index=&quot;0&quot;&gt;
              &lt;value&gt;
                org.testng.TestRunner@a77a9b4
              &lt;/value&gt;
            &lt;/param&gt;
          &lt;/params&gt;
          &lt;reporter-output&gt;
          &lt;/reporter-output&gt;
        &lt;/test-method&gt; &lt;!-- initSchemaModelFixture --&gt;
        &lt;test-method status=&quot;PASS&quot; signature=&quot;validateMembersOfGmlObjectCollection()[pri:0, instance:org.opengis.cite.iso19136.general.ComplexPropertyTests@29705845]&quot; name=&quot;validateMembersOfGmlObjectCollection&quot; duration-ms=&quot;0&quot; started-at=&quot;2017-05-23T08:04:50Z&quot; description=&quot;See ISO 19136: 7.2.5, A.1.1.14&quot; finished-at=&quot;2017-05-23T08:04:50Z&quot;&gt;
          &lt;reporter-output&gt;
          &lt;/reporter-output&gt;
        &lt;/test-method&gt; &lt;!-- validateMembersOfGmlObjectCollection --&gt;
        &lt;test-method status=&quot;PASS&quot; signature=&quot;validateMetadataProperties()[pri:0, instance:org.opengis.cite.iso19136.general.ComplexPropertyTests@29705845]&quot; name=&quot;validateMetadataProperties&quot; duration-ms=&quot;0&quot; started-at=&quot;2017-05-23T08:04:50Z&quot; description=&quot;See ISO 19136: 7.2.6, A.1.1.9&quot; finished-at=&quot;2017-05-23T08:04:50Z&quot;&gt;
          &lt;reporter-output&gt;
          &lt;/reporter-output&gt;
        &lt;/test-method&gt; &lt;!-- validateMetadataProperties --&gt;
      &lt;/class&gt; &lt;!-- org.opengis.cite.iso19136.general.ComplexPropertyTests --&gt;
    &lt;/test&gt; &lt;!-- All GML application schemas --&gt;
    &lt;test name=&quot;GML application schemas defining features and feature collections&quot; duration-ms=&quot;2&quot; started-at=&quot;2017-05-23T12:04:50Z&quot; finished-at=&quot;2017-05-23T12:04:50Z&quot;&gt;
      &lt;class name=&quot;org.opengis.cite.iso19136.components.FeatureComponentTests&quot;&gt;
        &lt;test-method status=&quot;PASS&quot; signature=&quot;hasFeatureComponents(org.testng.ITestContext)[pri:0, instance:org.opengis.cite.iso19136.components.FeatureComponentTests@233a349a]&quot; name=&quot;hasFeatureComponents&quot; is-config=&quot;true&quot; duration-ms=&quot;1&quot; started-at=&quot;2017-05-23T08:04:50Z&quot; finished-at=&quot;2017-05-23T08:04:50Z&quot;&gt;
          &lt;params&gt;
            &lt;param index=&quot;0&quot;&gt;
              &lt;value&gt;
                org.testng.TestRunner@64a6e6df
              &lt;/value&gt;
            &lt;/param&gt;
          &lt;/params&gt;
          &lt;reporter-output&gt;
          &lt;/reporter-output&gt;
        &lt;/test-method&gt; &lt;!-- hasFeatureComponents --&gt;
        &lt;test-method status=&quot;PASS&quot; signature=&quot;substitutesForAbstractFeature()[pri:0, instance:org.opengis.cite.iso19136.components.FeatureComponentTests@233a349a]&quot; name=&quot;substitutesForAbstractFeature&quot; duration-ms=&quot;1&quot; started-at=&quot;2017-05-23T08:04:50Z&quot; description=&quot;See ISO 19136: A.1.1.15&quot; finished-at=&quot;2017-05-23T08:04:50Z&quot;&gt;
          &lt;reporter-output&gt;
          &lt;/reporter-output&gt;
        &lt;/test-method&gt; &lt;!-- substitutesForAbstractFeature --&gt;
        &lt;test-method status=&quot;PASS&quot; signature=&quot;initSchemaModelFixture(org.testng.ITestContext)[pri:0, instance:org.opengis.cite.iso19136.components.FeatureComponentTests@233a349a]&quot; name=&quot;initSchemaModelFixture&quot; is-config=&quot;true&quot; duration-ms=&quot;0&quot; started-at=&quot;2017-05-23T08:04:50Z&quot; finished-at=&quot;2017-05-23T08:04:50Z&quot;&gt;
          &lt;params&gt;
            &lt;param index=&quot;0&quot;&gt;
              &lt;value&gt;
                org.testng.TestRunner@64a6e6df
              &lt;/value&gt;
            &lt;/param&gt;
          &lt;/params&gt;
          &lt;reporter-output&gt;
          &lt;/reporter-output&gt;
        &lt;/test-method&gt; &lt;!-- initSchemaModelFixture --&gt;
        &lt;test-method status=&quot;PASS&quot; signature=&quot;verifyFeatureMemberProperties()[pri:0, instance:org.opengis.cite.iso19136.components.FeatureComponentTests@233a349a]&quot; name=&quot;verifyFeatureMemberProperties&quot; duration-ms=&quot;0&quot; started-at=&quot;2017-05-23T08:04:50Z&quot; description=&quot;See ISO 19136: 9.9, A.1.1.16&quot; finished-at=&quot;2017-05-23T08:04:50Z&quot;&gt;
          &lt;reporter-output&gt;
          &lt;/reporter-output&gt;
        &lt;/test-method&gt; &lt;!-- verifyFeatureMemberProperties --&gt;
      &lt;/class&gt; &lt;!-- org.opengis.cite.iso19136.components.FeatureComponentTests --&gt;
    &lt;/test&gt; &lt;!-- GML application schemas defining features and feature collections --&gt;
    &lt;test name=&quot;GML application schemas defining spatial geometries&quot; duration-ms=&quot;2&quot; started-at=&quot;2017-05-23T12:04:50Z&quot; finished-at=&quot;2017-05-23T12:04:50Z&quot;&gt;
      &lt;class name=&quot;org.opengis.cite.iso19136.components.GeometryComponentTests&quot;&gt;
        &lt;test-method status=&quot;FAIL&quot; signature=&quot;hasGeometryComponents(org.testng.ITestContext)[pri:0, instance:org.opengis.cite.iso19136.components.GeometryComponentTests@5904f50e]&quot; name=&quot;hasGeometryComponents&quot; is-config=&quot;true&quot; duration-ms=&quot;0&quot; started-at=&quot;2017-05-23T08:04:50Z&quot; finished-at=&quot;2017-05-23T08:04:50Z&quot;&gt;
          &lt;params&gt;
            &lt;param index=&quot;0&quot;&gt;
              &lt;value&gt;
                org.testng.TestRunner@58417b69
              &lt;/value&gt;
            &lt;/param&gt;
          &lt;/params&gt;
          &lt;exception class=&quot;java.lang.AssertionError&quot;&gt;
            &lt;message&gt;
              No user-defined geometry or geometry property types found in application schema. expected [false] but found [true]
            &lt;/message&gt;
          &lt;/exception&gt; &lt;!-- java.lang.AssertionError --&gt;
          &lt;reporter-output&gt;
          &lt;/reporter-output&gt;
        &lt;/test-method&gt; &lt;!-- hasGeometryComponents --&gt;
        &lt;test-method status=&quot;PASS&quot; signature=&quot;initSchemaModelFixture(org.testng.ITestContext)[pri:0, instance:org.opengis.cite.iso19136.components.GeometryComponentTests@5904f50e]&quot; name=&quot;initSchemaModelFixture&quot; is-config=&quot;true&quot; duration-ms=&quot;1&quot; started-at=&quot;2017-05-23T08:04:50Z&quot; finished-at=&quot;2017-05-23T08:04:50Z&quot;&gt;
          &lt;params&gt;
            &lt;param index=&quot;0&quot;&gt;
              &lt;value&gt;
                org.testng.TestRunner@58417b69
              &lt;/value&gt;
            &lt;/param&gt;
          &lt;/params&gt;
          &lt;reporter-output&gt;
          &lt;/reporter-output&gt;
        &lt;/test-method&gt; &lt;!-- initSchemaModelFixture --&gt;
        &lt;test-method status=&quot;PASS&quot; signature=&quot;validateImplicitGeometryProperty()[pri:0, instance:org.opengis.cite.iso19136.components.GeometryComponentTests@5904f50e]&quot; name=&quot;validateImplicitGeometryProperty&quot; duration-ms=&quot;0&quot; started-at=&quot;2017-05-23T08:04:50Z&quot; description=&quot;See ISO 19136: 9.5, 21.4.2.2, A.1.1.10&quot; finished-at=&quot;2017-05-23T08:04:50Z&quot;&gt;
          &lt;reporter-output&gt;
          &lt;/reporter-output&gt;
        &lt;/test-method&gt; &lt;!-- validateImplicitGeometryProperty --&gt;
        &lt;test-method status=&quot;PASS&quot; signature=&quot;substitutesForGMLGeometry()[pri:0, instance:org.opengis.cite.iso19136.components.GeometryComponentTests@5904f50e]&quot; name=&quot;substitutesForGMLGeometry&quot; duration-ms=&quot;0&quot; started-at=&quot;2017-05-23T08:04:50Z&quot; description=&quot;See ISO 19136: 21.4.2.1&quot; finished-at=&quot;2017-05-23T08:04:50Z&quot;&gt;
          &lt;reporter-output&gt;
          &lt;/reporter-output&gt;
        &lt;/test-method&gt; &lt;!-- substitutesForGMLGeometry --&gt;
      &lt;/class&gt; &lt;!-- org.opengis.cite.iso19136.components.GeometryComponentTests --&gt;
    &lt;/test&gt; &lt;!-- GML application schemas defining spatial geometries --&gt;
    &lt;test name=&quot;GML application schemas defining time&quot; duration-ms=&quot;1&quot; started-at=&quot;2017-05-23T12:04:50Z&quot; finished-at=&quot;2017-05-23T12:04:50Z&quot;&gt;
      &lt;class name=&quot;org.opengis.cite.iso19136.components.TemporalComponentTests&quot;&gt;
        &lt;test-method status=&quot;FAIL&quot; signature=&quot;hasTemporalComponents(org.testng.ITestContext)[pri:0, instance:org.opengis.cite.iso19136.components.TemporalComponentTests@2b5edf04]&quot; name=&quot;hasTemporalComponents&quot; is-config=&quot;true&quot; duration-ms=&quot;0&quot; started-at=&quot;2017-05-23T08:04:50Z&quot; finished-at=&quot;2017-05-23T08:04:50Z&quot;&gt;
          &lt;params&gt;
            &lt;param index=&quot;0&quot;&gt;
              &lt;value&gt;
                org.testng.TestRunner@5a64dac5
              &lt;/value&gt;
            &lt;/param&gt;
          &lt;/params&gt;
          &lt;exception class=&quot;java.lang.AssertionError&quot;&gt;
            &lt;message&gt;
              No temporal (property) components found in schema. expected [false] but found [true]
            &lt;/message&gt;
          &lt;/exception&gt; &lt;!-- java.lang.AssertionError --&gt;
          &lt;reporter-output&gt;
          &lt;/reporter-output&gt;
        &lt;/test-method&gt; &lt;!-- hasTemporalComponents --&gt;
        &lt;test-method status=&quot;PASS&quot; signature=&quot;substitutesForAbstractTimeObject()[pri:0, instance:org.opengis.cite.iso19136.components.TemporalComponentTests@2b5edf04]&quot; name=&quot;substitutesForAbstractTimeObject&quot; duration-ms=&quot;1&quot; started-at=&quot;2017-05-23T08:04:50Z&quot; description=&quot;See ISO 19136: 21.6.2.1&quot; finished-at=&quot;2017-05-23T08:04:50Z&quot;&gt;
          &lt;reporter-output&gt;
          &lt;/reporter-output&gt;
        &lt;/test-method&gt; &lt;!-- substitutesForAbstractTimeObject --&gt;
        &lt;test-method status=&quot;PASS&quot; signature=&quot;initSchemaModelFixture(org.testng.ITestContext)[pri:0, instance:org.opengis.cite.iso19136.components.TemporalComponentTests@2b5edf04]&quot; name=&quot;initSchemaModelFixture&quot; is-config=&quot;true&quot; duration-ms=&quot;0&quot; started-at=&quot;2017-05-23T08:04:50Z&quot; finished-at=&quot;2017-05-23T08:04:50Z&quot;&gt;
          &lt;params&gt;
            &lt;param index=&quot;0&quot;&gt;
              &lt;value&gt;
                org.testng.TestRunner@5a64dac5
              &lt;/value&gt;
            &lt;/param&gt;
          &lt;/params&gt;
          &lt;reporter-output&gt;
          &lt;/reporter-output&gt;
        &lt;/test-method&gt; &lt;!-- initSchemaModelFixture --&gt;
        &lt;test-method status=&quot;PASS&quot; signature=&quot;validateImplicitTemporalProperty()[pri:0, instance:org.opengis.cite.iso19136.components.TemporalComponentTests@2b5edf04]&quot; name=&quot;validateImplicitTemporalProperty&quot; duration-ms=&quot;0&quot; started-at=&quot;2017-05-23T08:04:50Z&quot; description=&quot;See ISO 19136: 9.7, 21.6.2.2, A.1.1.12&quot; finished-at=&quot;2017-05-23T08:04:50Z&quot;&gt;
          &lt;reporter-output&gt;
          &lt;/reporter-output&gt;
        &lt;/test-method&gt; &lt;!-- validateImplicitTemporalProperty --&gt;
      &lt;/class&gt; &lt;!-- org.opengis.cite.iso19136.components.TemporalComponentTests --&gt;
    &lt;/test&gt; &lt;!-- GML application schemas defining time --&gt;
    &lt;test name=&quot;GML application schemas defining spatial topologies&quot; duration-ms=&quot;0&quot; started-at=&quot;2017-05-23T12:04:50Z&quot; finished-at=&quot;2017-05-23T12:04:50Z&quot;&gt;
      &lt;class name=&quot;org.opengis.cite.iso19136.components.TopologyComponentTests&quot;&gt;
        &lt;test-method status=&quot;PASS&quot; signature=&quot;initSchemaModelFixture(org.testng.ITestContext)[pri:0, instance:org.opengis.cite.iso19136.components.TopologyComponentTests@3144e38a]&quot; name=&quot;initSchemaModelFixture&quot; is-config=&quot;true&quot; duration-ms=&quot;0&quot; started-at=&quot;2017-05-23T08:04:50Z&quot; finished-at=&quot;2017-05-23T08:04:50Z&quot;&gt;
          &lt;params&gt;
            &lt;param index=&quot;0&quot;&gt;
              &lt;value&gt;
                org.testng.TestRunner@5a6ef726
              &lt;/value&gt;
            &lt;/param&gt;
          &lt;/params&gt;
          &lt;reporter-output&gt;
          &lt;/reporter-output&gt;
        &lt;/test-method&gt; &lt;!-- initSchemaModelFixture --&gt;
        &lt;test-method status=&quot;PASS&quot; signature=&quot;substitutesForGMLTopology()[pri:0, instance:org.opengis.cite.iso19136.components.TopologyComponentTests@3144e38a]&quot; name=&quot;substitutesForGMLTopology&quot; duration-ms=&quot;0&quot; started-at=&quot;2017-05-23T08:04:50Z&quot; description=&quot;See ISO 19136: 21.5.2.1&quot; finished-at=&quot;2017-05-23T08:04:50Z&quot;&gt;
          &lt;reporter-output&gt;
          &lt;/reporter-output&gt;
        &lt;/test-method&gt; &lt;!-- substitutesForGMLTopology --&gt;
        &lt;test-method status=&quot;PASS&quot; signature=&quot;validateImplicitTopologyProperty()[pri:0, instance:org.opengis.cite.iso19136.components.TopologyComponentTests@3144e38a]&quot; name=&quot;validateImplicitTopologyProperty&quot; duration-ms=&quot;0&quot; started-at=&quot;2017-05-23T08:04:50Z&quot; description=&quot;See ISO 19136: 9.6, 21.5.2.2, A.1.1.11&quot; finished-at=&quot;2017-05-23T08:04:50Z&quot;&gt;
          &lt;reporter-output&gt;
          &lt;/reporter-output&gt;
        &lt;/test-method&gt; &lt;!-- validateImplicitTopologyProperty --&gt;
        &lt;test-method status=&quot;FAIL&quot; signature=&quot;hasTopologyComponents(org.testng.ITestContext)[pri:0, instance:org.opengis.cite.iso19136.components.TopologyComponentTests@3144e38a]&quot; name=&quot;hasTopologyComponents&quot; is-config=&quot;true&quot; duration-ms=&quot;0&quot; started-at=&quot;2017-05-23T08:04:50Z&quot; finished-at=&quot;2017-05-23T08:04:50Z&quot;&gt;
          &lt;params&gt;
            &lt;param index=&quot;0&quot;&gt;
              &lt;value&gt;
                org.testng.TestRunner@5a6ef726
              &lt;/value&gt;
            &lt;/param&gt;
          &lt;/params&gt;
          &lt;exception class=&quot;java.lang.AssertionError&quot;&gt;
            &lt;message&gt;
              No GML topology (property) components found in schema. expected [false] but found [true]
            &lt;/message&gt;
          &lt;/exception&gt; &lt;!-- java.lang.AssertionError --&gt;
          &lt;reporter-output&gt;
          &lt;/reporter-output&gt;
        &lt;/test-method&gt; &lt;!-- hasTopologyComponents --&gt;
      &lt;/class&gt; &lt;!-- org.opengis.cite.iso19136.components.TopologyComponentTests --&gt;
    &lt;/test&gt; &lt;!-- GML application schemas defining spatial topologies --&gt;
    &lt;test name=&quot;GML Documents&quot; duration-ms=&quot;1081&quot; started-at=&quot;2017-05-23T12:04:50Z&quot; finished-at=&quot;2017-05-23T12:04:51Z&quot;&gt;
      &lt;class name=&quot;org.opengis.cite.iso19136.data.spatial.PointTests&quot;&gt;
        &lt;test-method status=&quot;PASS&quot; signature=&quot;initDataFixture(org.testng.ITestContext)[pri:0, instance:org.opengis.cite.iso19136.data.spatial.PointTests@19ed1f47]&quot; name=&quot;initDataFixture&quot; is-config=&quot;true&quot; duration-ms=&quot;1&quot; started-at=&quot;2017-05-23T08:04:51Z&quot; finished-at=&quot;2017-05-23T08:04:51Z&quot;&gt;
          &lt;params&gt;
            &lt;param index=&quot;0&quot;&gt;
              &lt;value&gt;
                org.testng.TestRunner@44d3055
              &lt;/value&gt;
            &lt;/param&gt;
          &lt;/params&gt;
          &lt;reporter-output&gt;
          &lt;/reporter-output&gt;
        &lt;/test-method&gt; &lt;!-- initDataFixture --&gt;
        &lt;test-method status=&quot;FAIL&quot; signature=&quot;findPoints()[pri:0, instance:org.opengis.cite.iso19136.data.spatial.PointTests@19ed1f47]&quot; name=&quot;findPoints&quot; is-config=&quot;true&quot; duration-ms=&quot;0&quot; started-at=&quot;2017-05-23T08:04:51Z&quot; finished-at=&quot;2017-05-23T08:04:51Z&quot;&gt;
          &lt;exception class=&quot;java.lang.AssertionError&quot;&gt;
            &lt;message&gt;
              gml:Point elements not found. expected [false] but found [true]
            &lt;/message&gt;
          &lt;/exception&gt; &lt;!-- java.lang.AssertionError --&gt;
          &lt;reporter-output&gt;
          &lt;/reporter-output&gt;
        &lt;/test-method&gt; &lt;!-- findPoints --&gt;
        &lt;test-method status=&quot;SKIP&quot; signature=&quot;pointHasValidPosition()[pri:0, instance:org.opengis.cite.iso19136.data.spatial.PointTests@19ed1f47]&quot; name=&quot;pointHasValidPosition&quot; duration-ms=&quot;0&quot; started-at=&quot;2017-05-23T08:04:51Z&quot; description=&quot;See ISO 19107: 6.2.2.10&quot; finished-at=&quot;2017-05-23T08:04:51Z&quot;&gt;
          &lt;reporter-output&gt;
          &lt;/reporter-output&gt;
        &lt;/test-method&gt; &lt;!-- pointHasValidPosition --&gt;
        &lt;test-method status=&quot;SKIP&quot; signature=&quot;pointHasValidCRS()[pri:0, instance:org.opengis.cite.iso19136.data.spatial.PointTests@19ed1f47]&quot; name=&quot;pointHasValidCRS&quot; duration-ms=&quot;0&quot; started-at=&quot;2017-05-23T08:04:51Z&quot; description=&quot;See ISO 19136: 9.10, 10.1.3.2; ISO 19107: 6.2.2.17&quot; finished-at=&quot;2017-05-23T08:04:51Z&quot;&gt;
          &lt;reporter-output&gt;
          &lt;/reporter-output&gt;
        &lt;/test-method&gt; &lt;!-- pointHasValidCRS --&gt;
      &lt;/class&gt; &lt;!-- org.opengis.cite.iso19136.data.spatial.PointTests --&gt;
      &lt;class name=&quot;org.opengis.cite.iso19136.data.SchematronTests&quot;&gt;
        &lt;test-method status=&quot;PASS&quot; signature=&quot;createSchematronValidator(org.testng.ITestContext)[pri:0, instance:org.opengis.cite.iso19136.data.SchematronTests@241008e5]&quot; name=&quot;createSchematronValidator&quot; is-config=&quot;true&quot; duration-ms=&quot;758&quot; started-at=&quot;2017-05-23T08:04:50Z&quot; finished-at=&quot;2017-05-23T08:04:51Z&quot;&gt;
          &lt;params&gt;
            &lt;param index=&quot;0&quot;&gt;
              &lt;value&gt;
                org.testng.TestRunner@44d3055
              &lt;/value&gt;
            &lt;/param&gt;
          &lt;/params&gt;
          &lt;reporter-output&gt;
          &lt;/reporter-output&gt;
        &lt;/test-method&gt; &lt;!-- createSchematronValidator --&gt;
        &lt;test-method status=&quot;PASS&quot; signature=&quot;initDataFixture(org.testng.ITestContext)[pri:0, instance:org.opengis.cite.iso19136.data.SchematronTests@241008e5]&quot; name=&quot;initDataFixture&quot; is-config=&quot;true&quot; duration-ms=&quot;0&quot; started-at=&quot;2017-05-23T08:04:50Z&quot; finished-at=&quot;2017-05-23T08:04:50Z&quot;&gt;
          &lt;params&gt;
            &lt;param index=&quot;0&quot;&gt;
              &lt;value&gt;
                org.testng.TestRunner@44d3055
              &lt;/value&gt;
            &lt;/param&gt;
          &lt;/params&gt;
          &lt;reporter-output&gt;
          &lt;/reporter-output&gt;
        &lt;/test-method&gt; &lt;!-- initDataFixture --&gt;
        &lt;test-method status=&quot;PASS&quot; signature=&quot;checkForDeprecatedGMLElements()[pri:0, instance:org.opengis.cite.iso19136.data.SchematronTests@241008e5]&quot; name=&quot;checkForDeprecatedGMLElements&quot; duration-ms=&quot;58&quot; started-at=&quot;2017-05-23T08:04:51Z&quot; description=&quot;See ISO 19136: Annex I&quot; finished-at=&quot;2017-05-23T08:04:51Z&quot;&gt;
          &lt;reporter-output&gt;
          &lt;/reporter-output&gt;
        &lt;/test-method&gt; &lt;!-- checkForDeprecatedGMLElements --&gt;
        &lt;test-method status=&quot;PASS&quot; signature=&quot;checkGMLSchematronConstraints()[pri:0, instance:org.opengis.cite.iso19136.data.SchematronTests@241008e5]&quot; name=&quot;checkGMLSchematronConstraints&quot; duration-ms=&quot;67&quot; started-at=&quot;2017-05-23T08:04:51Z&quot; description=&quot;Checks general Schematron rules specified in ISO 19136&quot; finished-at=&quot;2017-05-23T08:04:51Z&quot;&gt;
          &lt;reporter-output&gt;
          &lt;/reporter-output&gt;
        &lt;/test-method&gt; &lt;!-- checkGMLSchematronConstraints --&gt;
        &lt;test-method status=&quot;PASS&quot; signature=&quot;checkSchematronConstraints()[pri:0, instance:org.opengis.cite.iso19136.data.SchematronTests@241008e5]&quot; name=&quot;checkSchematronConstraints&quot; duration-ms=&quot;3&quot; started-at=&quot;2017-05-23T08:04:51Z&quot; description=&quot;Checks application-specific Schematron rules&quot; finished-at=&quot;2017-05-23T08:04:51Z&quot;&gt;
          &lt;reporter-output&gt;
          &lt;/reporter-output&gt;
        &lt;/test-method&gt; &lt;!-- checkSchematronConstraints --&gt;
      &lt;/class&gt; &lt;!-- org.opengis.cite.iso19136.data.SchematronTests --&gt;
      &lt;class name=&quot;org.opengis.cite.iso19136.data.spatial.CompositeCurveTests&quot;&gt;
        &lt;test-method status=&quot;FAIL&quot; signature=&quot;findCompositeCurves()[pri:0, instance:org.opengis.cite.iso19136.data.spatial.CompositeCurveTests@47eb6502]&quot; name=&quot;findCompositeCurves&quot; is-config=&quot;true&quot; duration-ms=&quot;0&quot; started-at=&quot;2017-05-23T08:04:51Z&quot; finished-at=&quot;2017-05-23T08:04:51Z&quot;&gt;
          &lt;exception class=&quot;java.lang.AssertionError&quot;&gt;
            &lt;message&gt;
              No gml:CompositeCurve elements were found. expected [false] but found [true]
            &lt;/message&gt;
          &lt;/exception&gt; &lt;!-- java.lang.AssertionError --&gt;
          &lt;reporter-output&gt;
          &lt;/reporter-output&gt;
        &lt;/test-method&gt; &lt;!-- findCompositeCurves --&gt;
        &lt;test-method status=&quot;PASS&quot; signature=&quot;initDataFixture(org.testng.ITestContext)[pri:0, instance:org.opengis.cite.iso19136.data.spatial.CompositeCurveTests@47eb6502]&quot; name=&quot;initDataFixture&quot; is-config=&quot;true&quot; duration-ms=&quot;0&quot; started-at=&quot;2017-05-23T08:04:51Z&quot; finished-at=&quot;2017-05-23T08:04:51Z&quot;&gt;
          &lt;params&gt;
            &lt;param index=&quot;0&quot;&gt;
              &lt;value&gt;
                org.testng.TestRunner@44d3055
              &lt;/value&gt;
            &lt;/param&gt;
          &lt;/params&gt;
          &lt;reporter-output&gt;
          &lt;/reporter-output&gt;
        &lt;/test-method&gt; &lt;!-- initDataFixture --&gt;
        &lt;test-method status=&quot;SKIP&quot; signature=&quot;compositeCurveComponentsAreConnected()[pri:0, instance:org.opengis.cite.iso19136.data.spatial.CompositeCurveTests@47eb6502]&quot; name=&quot;compositeCurveComponentsAreConnected&quot; duration-ms=&quot;0&quot; started-at=&quot;2017-05-23T08:04:51Z&quot; description=&quot;See ISO 19136: 11.2.2.2&quot; finished-at=&quot;2017-05-23T08:04:51Z&quot;&gt;
          &lt;reporter-output&gt;
          &lt;/reporter-output&gt;
        &lt;/test-method&gt; &lt;!-- compositeCurveComponentsAreConnected --&gt;
      &lt;/class&gt; &lt;!-- org.opengis.cite.iso19136.data.spatial.CompositeCurveTests --&gt;
      &lt;class name=&quot;org.opengis.cite.iso19136.data.spatial.SurfaceTests&quot;&gt;
        &lt;test-method status=&quot;PASS&quot; signature=&quot;findSurfaces()[pri:0, instance:org.opengis.cite.iso19136.data.spatial.SurfaceTests@3c2792f1]&quot; name=&quot;findSurfaces&quot; is-config=&quot;true&quot; duration-ms=&quot;1&quot; started-at=&quot;2017-05-23T08:04:51Z&quot; finished-at=&quot;2017-05-23T08:04:51Z&quot;&gt;
          &lt;reporter-output&gt;
          &lt;/reporter-output&gt;
        &lt;/test-method&gt; &lt;!-- findSurfaces --&gt;
        &lt;test-method status=&quot;PASS&quot; signature=&quot;initDataFixture(org.testng.ITestContext)[pri:0, instance:org.opengis.cite.iso19136.data.spatial.SurfaceTests@3c2792f1]&quot; name=&quot;initDataFixture&quot; is-config=&quot;true&quot; duration-ms=&quot;0&quot; started-at=&quot;2017-05-23T08:04:51Z&quot; finished-at=&quot;2017-05-23T08:04:51Z&quot;&gt;
          &lt;params&gt;
            &lt;param index=&quot;0&quot;&gt;
              &lt;value&gt;
                org.testng.TestRunner@44d3055
              &lt;/value&gt;
            &lt;/param&gt;
          &lt;/params&gt;
          &lt;reporter-output&gt;
          &lt;/reporter-output&gt;
        &lt;/test-method&gt; &lt;!-- initDataFixture --&gt;
        &lt;test-method status=&quot;PASS&quot; signature=&quot;surfaceHasValidCRS()[pri:0, instance:org.opengis.cite.iso19136.data.spatial.SurfaceTests@3c2792f1]&quot; name=&quot;surfaceHasValidCRS&quot; duration-ms=&quot;0&quot; started-at=&quot;2017-05-23T08:04:51Z&quot; description=&quot;See ISO 19136: 9.10, 10.1.3.2; ISO 19107: 6.2.2.17&quot; finished-at=&quot;2017-05-23T08:04:51Z&quot;&gt;
          &lt;reporter-output&gt;
          &lt;/reporter-output&gt;
        &lt;/test-method&gt; &lt;!-- surfaceHasValidCRS --&gt;
        &lt;test-method status=&quot;PASS&quot; signature=&quot;validSurfaceBoundary()[pri:0, instance:org.opengis.cite.iso19136.data.spatial.SurfaceTests@3c2792f1]&quot; name=&quot;validSurfaceBoundary&quot; duration-ms=&quot;2&quot; started-at=&quot;2017-05-23T08:04:51Z&quot; description=&quot;See ISO 19136: 10.5.5, 10.5.11.1; ISO 19107: 6.3.6, 6.3.7.2&quot; finished-at=&quot;2017-05-23T08:04:51Z&quot;&gt;
          &lt;reporter-output&gt;
          &lt;/reporter-output&gt;
        &lt;/test-method&gt; &lt;!-- validSurfaceBoundary --&gt;
        &lt;test-method status=&quot;FAIL&quot; signature=&quot;validSurfaceOrientation()[pri:0, instance:org.opengis.cite.iso19136.data.spatial.SurfaceTests@3c2792f1]&quot; name=&quot;validSurfaceOrientation&quot; duration-ms=&quot;0&quot; started-at=&quot;2017-05-23T08:04:51Z&quot; description=&quot;See ISO 19136: 10.5.10; ISO 19107: 6.3.17, 6.4.34&quot; finished-at=&quot;2017-05-23T08:04:51Z&quot;&gt;
          &lt;exception class=&quot;java.lang.AssertionError&quot;&gt;
            &lt;message&gt;
              Exterior boundary of surface with @gml:id=&apos;EN.NMA.PS.7174d7fb-7b0f-4153-821b-1c758032c83d-0&apos; is not oriented CCW with respect to the up-normal. expected [true] but found [false]
            &lt;/message&gt;
          &lt;/exception&gt; &lt;!-- java.lang.AssertionError --&gt;
          &lt;reporter-output&gt;
          &lt;/reporter-output&gt;
        &lt;/test-method&gt; &lt;!-- validSurfaceOrientation --&gt;
      &lt;/class&gt; &lt;!-- org.opengis.cite.iso19136.data.spatial.SurfaceTests --&gt;
      &lt;class name=&quot;org.opengis.cite.iso19136.data.spatial.LineStringTests&quot;&gt;
        &lt;test-method status=&quot;SKIP&quot; signature=&quot;findLineStrings()[pri:0, instance:org.opengis.cite.iso19136.data.spatial.LineStringTests@78b199bc]&quot; name=&quot;findLineStrings&quot; is-config=&quot;true&quot; duration-ms=&quot;0&quot; started-at=&quot;2017-05-23T08:04:51Z&quot; finished-at=&quot;2017-05-23T08:04:51Z&quot;&gt;
          &lt;exception class=&quot;org.testng.SkipException&quot;&gt;
            &lt;message&gt;
              No gml:Curve elements were found.
            &lt;/message&gt;
          &lt;/exception&gt; &lt;!-- org.testng.SkipException --&gt;
          &lt;reporter-output&gt;
          &lt;/reporter-output&gt;
        &lt;/test-method&gt; &lt;!-- findLineStrings --&gt;
        &lt;test-method status=&quot;PASS&quot; signature=&quot;initDataFixture(org.testng.ITestContext)[pri:0, instance:org.opengis.cite.iso19136.data.spatial.LineStringTests@78b199bc]&quot; name=&quot;initDataFixture&quot; is-config=&quot;true&quot; duration-ms=&quot;0&quot; started-at=&quot;2017-05-23T08:04:51Z&quot; finished-at=&quot;2017-05-23T08:04:51Z&quot;&gt;
          &lt;params&gt;
            &lt;param index=&quot;0&quot;&gt;
              &lt;value&gt;
                org.testng.TestRunner@44d3055
              &lt;/value&gt;
            &lt;/param&gt;
          &lt;/params&gt;
          &lt;reporter-output&gt;
          &lt;/reporter-output&gt;
        &lt;/test-method&gt; &lt;!-- initDataFixture --&gt;
        &lt;test-method status=&quot;SKIP&quot; signature=&quot;lineHasValidCRS()[pri:0, instance:org.opengis.cite.iso19136.data.spatial.LineStringTests@78b199bc]&quot; name=&quot;lineHasValidCRS&quot; duration-ms=&quot;0&quot; started-at=&quot;2017-05-23T08:04:51Z&quot; description=&quot;See ISO 19136: 9.10, 10.1.3.2; ISO 19107: 6.2.2.17&quot; finished-at=&quot;2017-05-23T08:04:51Z&quot;&gt;
          &lt;reporter-output&gt;
          &lt;/reporter-output&gt;
        &lt;/test-method&gt; &lt;!-- lineHasValidCRS --&gt;
        &lt;test-method status=&quot;SKIP&quot; signature=&quot;validLineString()[pri:0, instance:org.opengis.cite.iso19136.data.spatial.LineStringTests@78b199bc]&quot; name=&quot;validLineString&quot; duration-ms=&quot;0&quot; started-at=&quot;2017-05-23T08:04:51Z&quot; description=&quot;See ISO 19136: 10.4.4&quot; finished-at=&quot;2017-05-23T08:04:51Z&quot;&gt;
          &lt;reporter-output&gt;
          &lt;/reporter-output&gt;
        &lt;/test-method&gt; &lt;!-- validLineString --&gt;
      &lt;/class&gt; &lt;!-- org.opengis.cite.iso19136.data.spatial.LineStringTests --&gt;
      &lt;class name=&quot;org.opengis.cite.iso19136.data.XMLSchemaValidationTests&quot;&gt;
        &lt;test-method status=&quot;PASS&quot; signature=&quot;initDataFixture(org.testng.ITestContext)[pri:0, instance:org.opengis.cite.iso19136.data.XMLSchemaValidationTests@62ac7296]&quot; name=&quot;initDataFixture&quot; is-config=&quot;true&quot; duration-ms=&quot;0&quot; started-at=&quot;2017-05-23T08:04:50Z&quot; finished-at=&quot;2017-05-23T08:04:50Z&quot;&gt;
          &lt;params&gt;
            &lt;param index=&quot;0&quot;&gt;
              &lt;value&gt;
                org.testng.TestRunner@44d3055
              &lt;/value&gt;
            &lt;/param&gt;
          &lt;/params&gt;
          &lt;reporter-output&gt;
          &lt;/reporter-output&gt;
        &lt;/test-method&gt; &lt;!-- initDataFixture --&gt;
        &lt;test-method status=&quot;PASS&quot; signature=&quot;isXMLSchemaValid()[pri:0, instance:org.opengis.cite.iso19136.data.XMLSchemaValidationTests@62ac7296]&quot; name=&quot;isXMLSchemaValid&quot; duration-ms=&quot;13&quot; started-at=&quot;2017-05-23T08:04:50Z&quot; description=&quot;See ISO 19136: A.3.4&quot; finished-at=&quot;2017-05-23T08:04:50Z&quot;&gt;
          &lt;reporter-output&gt;
          &lt;/reporter-output&gt;
        &lt;/test-method&gt; &lt;!-- isXMLSchemaValid --&gt;
        &lt;test-method status=&quot;PASS&quot; signature=&quot;getXMLSchema(org.testng.ITestContext)[pri:0, instance:org.opengis.cite.iso19136.data.XMLSchemaValidationTests@62ac7296]&quot; name=&quot;getXMLSchema&quot; is-config=&quot;true&quot; duration-ms=&quot;0&quot; started-at=&quot;2017-05-23T08:04:50Z&quot; finished-at=&quot;2017-05-23T08:04:50Z&quot;&gt;
          &lt;params&gt;
            &lt;param index=&quot;0&quot;&gt;
              &lt;value&gt;
                org.testng.TestRunner@44d3055
              &lt;/value&gt;
            &lt;/param&gt;
          &lt;/params&gt;
          &lt;reporter-output&gt;
          &lt;/reporter-output&gt;
        &lt;/test-method&gt; &lt;!-- getXMLSchema --&gt;
      &lt;/class&gt; &lt;!-- org.opengis.cite.iso19136.data.XMLSchemaValidationTests --&gt;
      &lt;class name=&quot;org.opengis.cite.iso19136.data.PropertyValueTests&quot;&gt;
        &lt;test-method status=&quot;PASS&quot; signature=&quot;validateLocationName()[pri:0, instance:org.opengis.cite.iso19136.data.PropertyValueTests@2042a0fb]&quot; name=&quot;validateLocationName&quot; duration-ms=&quot;2&quot; started-at=&quot;2017-05-23T08:04:51Z&quot; description=&quot;See ISO 19136: 9.4.2&quot; finished-at=&quot;2017-05-23T08:04:51Z&quot;&gt;
          &lt;reporter-output&gt;
          &lt;/reporter-output&gt;
        &lt;/test-method&gt; &lt;!-- validateLocationName --&gt;
        &lt;test-method status=&quot;PASS&quot; signature=&quot;initDataFixture(org.testng.ITestContext)[pri:0, instance:org.opengis.cite.iso19136.data.PropertyValueTests@2042a0fb]&quot; name=&quot;initDataFixture&quot; is-config=&quot;true&quot; duration-ms=&quot;0&quot; started-at=&quot;2017-05-23T08:04:51Z&quot; finished-at=&quot;2017-05-23T08:04:51Z&quot;&gt;
          &lt;params&gt;
            &lt;param index=&quot;0&quot;&gt;
              &lt;value&gt;
                org.testng.TestRunner@44d3055
              &lt;/value&gt;
            &lt;/param&gt;
          &lt;/params&gt;
          &lt;reporter-output&gt;
          &lt;/reporter-output&gt;
        &lt;/test-method&gt; &lt;!-- initDataFixture --&gt;
        &lt;test-method status=&quot;PASS&quot; signature=&quot;validateLocationReference()[pri:0, instance:org.opengis.cite.iso19136.data.PropertyValueTests@2042a0fb]&quot; name=&quot;validateLocationReference&quot; duration-ms=&quot;0&quot; started-at=&quot;2017-05-23T08:04:51Z&quot; description=&quot;See ISO 19136: 9.4.2&quot; finished-at=&quot;2017-05-23T08:04:51Z&quot;&gt;
          &lt;reporter-output&gt;
          &lt;/reporter-output&gt;
        &lt;/test-method&gt; &lt;!-- validateLocationReference --&gt;
      &lt;/class&gt; &lt;!-- org.opengis.cite.iso19136.data.PropertyValueTests --&gt;
      &lt;class name=&quot;org.opengis.cite.iso19136.data.spatial.EnvelopeTests&quot;&gt;
        &lt;test-method status=&quot;PASS&quot; signature=&quot;initDataFixture(org.testng.ITestContext)[pri:0, instance:org.opengis.cite.iso19136.data.spatial.EnvelopeTests@18d4f62e]&quot; name=&quot;initDataFixture&quot; is-config=&quot;true&quot; duration-ms=&quot;1&quot; started-at=&quot;2017-05-23T08:04:51Z&quot; finished-at=&quot;2017-05-23T08:04:51Z&quot;&gt;
          &lt;params&gt;
            &lt;param index=&quot;0&quot;&gt;
              &lt;value&gt;
                org.testng.TestRunner@44d3055
              &lt;/value&gt;
            &lt;/param&gt;
          &lt;/params&gt;
          &lt;reporter-output&gt;
          &lt;/reporter-output&gt;
        &lt;/test-method&gt; &lt;!-- initDataFixture --&gt;
        &lt;test-method status=&quot;PASS&quot; signature=&quot;findEnvelopes()[pri:0, instance:org.opengis.cite.iso19136.data.spatial.EnvelopeTests@18d4f62e]&quot; name=&quot;findEnvelopes&quot; is-config=&quot;true&quot; duration-ms=&quot;138&quot; started-at=&quot;2017-05-23T08:04:51Z&quot; finished-at=&quot;2017-05-23T08:04:51Z&quot;&gt;
          &lt;reporter-output&gt;
          &lt;/reporter-output&gt;
        &lt;/test-method&gt; &lt;!-- findEnvelopes --&gt;
        &lt;test-method status=&quot;PASS&quot; signature=&quot;checkEnvelopePositions()[pri:0, instance:org.opengis.cite.iso19136.data.spatial.EnvelopeTests@18d4f62e]&quot; name=&quot;checkEnvelopePositions&quot; duration-ms=&quot;2&quot; started-at=&quot;2017-05-23T08:04:51Z&quot; description=&quot;See ISO 19107: 6.4.3.2, 6.4.3.3&quot; finished-at=&quot;2017-05-23T08:04:51Z&quot;&gt;
          &lt;reporter-output&gt;
          &lt;/reporter-output&gt;
        &lt;/test-method&gt; &lt;!-- checkEnvelopePositions --&gt;
        &lt;test-method status=&quot;PASS&quot; signature=&quot;envelopeHasValidCRS()[pri:0, instance:org.opengis.cite.iso19136.data.spatial.EnvelopeTests@18d4f62e]&quot; name=&quot;envelopeHasValidCRS&quot; duration-ms=&quot;0&quot; started-at=&quot;2017-05-23T08:04:51Z&quot; description=&quot;See ISO 19136: 10.1.3.2&quot; finished-at=&quot;2017-05-23T08:04:51Z&quot;&gt;
          &lt;reporter-output&gt;
          &lt;/reporter-output&gt;
        &lt;/test-method&gt; &lt;!-- envelopeHasValidCRS --&gt;
      &lt;/class&gt; &lt;!-- org.opengis.cite.iso19136.data.spatial.EnvelopeTests --&gt;
      &lt;class name=&quot;org.opengis.cite.iso19136.data.spatial.CurveTests&quot;&gt;
        &lt;test-method status=&quot;PASS&quot; signature=&quot;initDataFixture(org.testng.ITestContext)[pri:0, instance:org.opengis.cite.iso19136.data.spatial.CurveTests@957a8f6]&quot; name=&quot;initDataFixture&quot; is-config=&quot;true&quot; duration-ms=&quot;0&quot; started-at=&quot;2017-05-23T08:04:51Z&quot; finished-at=&quot;2017-05-23T08:04:51Z&quot;&gt;
          &lt;params&gt;
            &lt;param index=&quot;0&quot;&gt;
              &lt;value&gt;
                org.testng.TestRunner@44d3055
              &lt;/value&gt;
            &lt;/param&gt;
          &lt;/params&gt;
          &lt;reporter-output&gt;
          &lt;/reporter-output&gt;
        &lt;/test-method&gt; &lt;!-- initDataFixture --&gt;
        &lt;test-method status=&quot;SKIP&quot; signature=&quot;findCurves()[pri:0, instance:org.opengis.cite.iso19136.data.spatial.CurveTests@957a8f6]&quot; name=&quot;findCurves&quot; is-config=&quot;true&quot; duration-ms=&quot;0&quot; started-at=&quot;2017-05-23T08:04:51Z&quot; finished-at=&quot;2017-05-23T08:04:51Z&quot;&gt;
          &lt;exception class=&quot;org.testng.SkipException&quot;&gt;
            &lt;message&gt;
              No gml:Curve elements were found.
            &lt;/message&gt;
          &lt;/exception&gt; &lt;!-- org.testng.SkipException --&gt;
          &lt;reporter-output&gt;
          &lt;/reporter-output&gt;
        &lt;/test-method&gt; &lt;!-- findCurves --&gt;
        &lt;test-method status=&quot;SKIP&quot; signature=&quot;validCurveSegments()[pri:0, instance:org.opengis.cite.iso19136.data.spatial.CurveTests@957a8f6]&quot; name=&quot;validCurveSegments&quot; duration-ms=&quot;0&quot; started-at=&quot;2017-05-23T08:04:51Z&quot; description=&quot;See ISO 19136: 10.4.5&quot; finished-at=&quot;2017-05-23T08:04:51Z&quot;&gt;
          &lt;reporter-output&gt;
          &lt;/reporter-output&gt;
        &lt;/test-method&gt; &lt;!-- validCurveSegments --&gt;
        &lt;test-method status=&quot;SKIP&quot; signature=&quot;curveHasValidCRS()[pri:0, instance:org.opengis.cite.iso19136.data.spatial.CurveTests@957a8f6]&quot; name=&quot;curveHasValidCRS&quot; duration-ms=&quot;0&quot; started-at=&quot;2017-05-23T08:04:51Z&quot; description=&quot;See ISO 19136: 9.10, 10.1.3.2; ISO 19107: 6.2.2.17&quot; finished-at=&quot;2017-05-23T08:04:51Z&quot;&gt;
          &lt;reporter-output&gt;
          &lt;/reporter-output&gt;
        &lt;/test-method&gt; &lt;!-- curveHasValidCRS --&gt;
      &lt;/class&gt; &lt;!-- org.opengis.cite.iso19136.data.spatial.CurveTests --&gt;
    &lt;/test&gt; &lt;!-- GML Documents --&gt;
  &lt;/suite&gt; &lt;!-- gml32-1.25 --&gt;
&lt;/testng-results&gt;</responseData>
  <java.net.URL>http://cite.opengeospatial.org/te2/rest/suites/gml32/1.25/run</java.net.URL>
</httpSample>

</testResults>
