<b>Final Result :</b> SUCCESS<BR/><BR/>
<b>TE integration testing - </b>2017/06/12 12:27:49 <BR/><b>URL :</b> http://localhost:8080/teamengine/<BR/> <BR/><b>TE version :</b> TEAM Engine 4.11-SNAPSHOT <BR/><b>Default build :</b> SUCCESS <BR/><b>User can be created and logins :</b> SUCCESS<BR/> <BR/><b>Target Platform :</b> <BR /> <BR /> &nbsp;&nbsp;&nbsp;&nbsp; <b> OS : </b> <BR /> &nbsp;&nbsp;&nbsp;&nbsp;&nbsp;&nbsp;&nbsp;&nbsp;&nbsp;&nbsp; NAME="Ubuntu" <BR /> &nbsp;&nbsp;&nbsp;&nbsp;&nbsp;&nbsp;&nbsp;&nbsp;&nbsp;&nbsp; VERSION="14.04, Trusty <BR /> <BR /> &nbsp;&nbsp;&nbsp;&nbsp; <b> JAVA : </b> <BR /> &nbsp;&nbsp;&nbsp;&nbsp;&nbsp;&nbsp;&nbsp;&nbsp;&nbsp;&nbsp;&nbsp;&nbsp;&nbsp; java version "1.8.0_131" <BR /> &nbsp;&nbsp;&nbsp;&nbsp;&nbsp;&nbsp;&nbsp;&nbsp;&nbsp;&nbsp;&nbsp;&nbsp;&nbsp; Java(TM) SE Runtime Environment (build 1.8.0_131-b11) <BR /> &nbsp;&nbsp;&nbsp;&nbsp;&nbsp;&nbsp;&nbsp;&nbsp;&nbsp;&nbsp;&nbsp;&nbsp;&nbsp; Java HotSpot(TM) 64-Bit Server VM (build 25.131-b11, mixed mode) <BR /> <BR/><b>Test Name :</b> CSW 2.0.2 revision 1.17-SNAPSHOT <BR/><b>Test can be run :</b> SUCCESS <BR/><b>Test run finishes successfully :</b> SUCCESS<BR/> <BR/><b>Test Name :</b> Gml 3.2.1 revision 1.26-SNAPSHOT <BR/><b>Test can be run :</b> SUCCESS <BR/><b>Test run finishes successfully :</b> SUCCESS<BR/> <BR/><b>Test Name :</b> Gml-Doc 3.2.1 revision 1.26-SNAPSHOT <BR/><b>Test can be run :</b> SUCCESS <BR/><b>Test run finishes successfully :</b> SUCCESS<BR/> <BR/><b>Test Name :</b> Kml 2.2 revision 1.13-SNAPSHOT <BR/><b>Test can be run :</b> SUCCESS <BR/><b>Test run finishes successfully :</b> SUCCESS<BR/> <BR/><b>Test Name :</b> SOS 1.0.0 revision r1.14-SNAPSHOT <BR/><b>Test can be run :</b> SUCCESS <BR/><b>Test run finishes successfully :</b> SUCCESS<BR/> <BR/><b>Test Name :</b> WFS 2.0 revision 1.27-SNAPSHOT <BR/><b>Test can be run :</b> SUCCESS <BR/><b>Test run finishes successfully :</b> SUCCESS<BR/> <BR/><b>Test Name :</b> WMS 1.3.0 revision 1.23-SNAPSHOT <BR/><b>Test can be run :</b> SUCCESS <BR/><b>Test run finishes successfully :</b> SUCCESS<BR/> <BR />--------------- REST API Testing ----------- <BR /> <BR/><b>REST Test Name :</b> gml32-1.25 <BR/><b>REST Test run finishes successfully :</b> SUCCESS<BR/> <BR/><b>REST Test Name :</b> gml32-1.25 <BR/><b>REST Test run finishes successfully :</b> SUCCESS<BR/> <b>Test completed as expected (FAIL) :</b> SUCCESS<BR/> <BR/><b>Following is the Result :</b> <BR/> <pre> &lt;?xml version=&quot;1.0&quot; encoding=&quot;UTF-8&quot;?&gt;&lt;testng-results skipped=&quot;9&quot; failed=&quot;5&quot; total=&quot;33&quot; passed=&quot;19&quot;&gt;<br/> &lt;reporter-output&gt;<br/> &lt;/reporter-output&gt;<br/> &lt;suite name=&quot;gml32-1.25&quot; duration-ms=&quot;4252&quot; started-at=&quot;2017-06-12T06:59:22Z&quot; finished-at=&quot;2017-06-12T06:59:26Z&quot;&gt;<br/> &lt;groups&gt;<br/> &lt;/groups&gt;<br/> &lt;test name=&quot;All GML application schemas&quot; duration-ms=&quot;1716&quot; started-at=&quot;2017-06-12T06:59:22Z&quot; finished-at=&quot;2017-06-12T06:59:24Z&quot;&gt;<br/> &lt;class name=&quot;org.opengis.cite.iso19136.general.ModelAndSyntaxTests&quot;&gt;<br/> &lt;test-method status=&quot;PASS&quot; signature=&quot;verifyGMLObjectPropertyPattern()[pri:0, instance:org.opengis.cite.iso19136.general.ModelAndSyntaxTests@165962c0]&quot; name=&quot;verifyGMLObjectPropertyPattern&quot; duration-ms=&quot;4&quot; started-at=&quot;2017-06-12T12:29:24Z&quot; description=&quot;See ISO 19136: 7.1.3, A.1.1.7&quot; finished-at=&quot;2017-06-12T12:29:24Z&quot;&gt;<br/> &lt;reporter-output&gt;<br/> &lt;/reporter-output&gt;<br/> &lt;/test-method&gt; &lt;!-- verifyGMLObjectPropertyPattern --&gt;<br/> &lt;test-method status=&quot;PASS&quot; signature=&quot;initSchemaModelFixture(org.testng.ITestContext)[pri:0, instance:org.opengis.cite.iso19136.general.ModelAndSyntaxTests@165962c0]&quot; name=&quot;initSchemaModelFixture&quot; is-config=&quot;true&quot; duration-ms=&quot;0&quot; started-at=&quot;2017-06-12T12:29:24Z&quot; finished-at=&quot;2017-06-12T12:29:24Z&quot;&gt;<br/> &lt;params&gt;<br/> &lt;param index=&quot;0&quot;&gt;<br/> &lt;value&gt;<br/> org.testng.TestRunner@1f52e3eb<br/> &lt;/value&gt;<br/> &lt;/param&gt;<br/> &lt;/params&gt;<br/> &lt;reporter-output&gt;<br/> &lt;/reporter-output&gt;<br/> &lt;/test-method&gt; &lt;!-- initSchemaModelFixture --&gt;<br/> &lt;/class&gt; &lt;!-- org.opengis.cite.iso19136.general.ModelAndSyntaxTests --&gt;<br/> &lt;class name=&quot;org.opengis.cite.iso19136.general.GeneralSchemaTests&quot;&gt;<br/> &lt;test-method status=&quot;PASS&quot; signature=&quot;createSchemaModel(org.testng.ITestContext)[pri:0, instance:org.opengis.cite.iso19136.general.GeneralSchemaTests@6f131c51]&quot; name=&quot;createSchemaModel&quot; is-config=&quot;true&quot; duration-ms=&quot;176&quot; started-at=&quot;2017-06-12T12:29:23Z&quot; finished-at=&quot;2017-06-12T12:29:24Z&quot;&gt;<br/> &lt;params&gt;<br/> &lt;param index=&quot;0&quot;&gt;<br/> &lt;value&gt;<br/> org.testng.TestRunner@1f52e3eb<br/> &lt;/value&gt;<br/> &lt;/param&gt;<br/> &lt;/params&gt;<br/> &lt;reporter-output&gt;<br/> &lt;/reporter-output&gt;<br/> &lt;/test-method&gt; &lt;!-- createSchemaModel --&gt;<br/> &lt;test-method status=&quot;PASS&quot; signature=&quot;declareTargetNamespace()[pri:0, instance:org.opengis.cite.iso19136.general.GeneralSchemaTests@6f131c51]&quot; name=&quot;declareTargetNamespace&quot; duration-ms=&quot;0&quot; started-at=&quot;2017-06-12T12:29:24Z&quot; description=&quot;See ISO 19136: 21.2.2, A.1.1.1&quot; finished-at=&quot;2017-06-12T12:29:24Z&quot;&gt;<br/> &lt;reporter-output&gt;<br/> &lt;/reporter-output&gt;<br/> &lt;/test-method&gt; &lt;!-- declareTargetNamespace --&gt;<br/> &lt;test-method status=&quot;PASS&quot; signature=&quot;declaresGMLObjects()[pri:0, instance:org.opengis.cite.iso19136.general.GeneralSchemaTests@6f131c51]&quot; name=&quot;declaresGMLObjects&quot; duration-ms=&quot;2&quot; started-at=&quot;2017-06-12T12:29:24Z&quot; description=&quot;See ISO 19136: 21.2.1, A.1.1.2&quot; finished-at=&quot;2017-06-12T12:29:24Z&quot;&gt;<br/> &lt;reporter-output&gt;<br/> &lt;/reporter-output&gt;<br/> &lt;/test-method&gt; &lt;!-- declaresGMLObjects --&gt;<br/> &lt;test-method status=&quot;PASS&quot; signature=&quot;importFullGMLSchema()[pri:0, instance:org.opengis.cite.iso19136.general.GeneralSchemaTests@6f131c51]&quot; name=&quot;importFullGMLSchema&quot; duration-ms=&quot;0&quot; started-at=&quot;2017-06-12T12:29:24Z&quot; description=&quot;See ISO 19136: 21.2.3, A.1.1.3&quot; finished-at=&quot;2017-06-12T12:29:24Z&quot;&gt;<br/> &lt;reporter-output&gt;<br/> &lt;/reporter-output&gt;<br/> &lt;/test-method&gt; &lt;!-- importFullGMLSchema --&gt;<br/> &lt;/class&gt; &lt;!-- org.opengis.cite.iso19136.general.GeneralSchemaTests --&gt;<br/> &lt;class name=&quot;org.opengis.cite.iso19136.general.XMLSchemaTests&quot;&gt;<br/> &lt;test-method status=&quot;PASS&quot; signature=&quot;compileXMLSchema(org.testng.ITestContext)[pri:0, instance:org.opengis.cite.iso19136.general.XMLSchemaTests@4adb8acb]&quot; name=&quot;compileXMLSchema&quot; duration-ms=&quot;1528&quot; started-at=&quot;2017-06-12T12:29:22Z&quot; description=&quot;See ISO 19136: A.1.1.4&quot; finished-at=&quot;2017-06-12T12:29:23Z&quot;&gt;<br/> &lt;params&gt;<br/> &lt;param index=&quot;0&quot;&gt;<br/> &lt;value&gt;<br/> org.testng.TestRunner@1f52e3eb<br/> &lt;/value&gt;<br/> &lt;/param&gt;<br/> &lt;/params&gt;<br/> &lt;reporter-output&gt;<br/> &lt;/reporter-output&gt;<br/> &lt;/test-method&gt; &lt;!-- compileXMLSchema --&gt;<br/> &lt;test-method status=&quot;PASS&quot; signature=&quot;getSchemaURIsFromTestContext(org.testng.ITestContext)[pri:0, instance:org.opengis.cite.iso19136.general.XMLSchemaTests@4adb8acb]&quot; name=&quot;getSchemaURIsFromTestContext&quot; is-config=&quot;true&quot; duration-ms=&quot;0&quot; started-at=&quot;2017-06-12T12:29:22Z&quot; finished-at=&quot;2017-06-12T12:29:22Z&quot;&gt;<br/> &lt;params&gt;<br/> &lt;param index=&quot;0&quot;&gt;<br/> &lt;value&gt;<br/> org.testng.TestRunner@1f52e3eb<br/> &lt;/value&gt;<br/> &lt;/param&gt;<br/> &lt;/params&gt;<br/> &lt;reporter-output&gt;<br/> &lt;/reporter-output&gt;<br/> &lt;/test-method&gt; &lt;!-- getSchemaURIsFromTestContext --&gt;<br/> &lt;/class&gt; &lt;!-- org.opengis.cite.iso19136.general.XMLSchemaTests --&gt;<br/> &lt;class name=&quot;org.opengis.cite.iso19136.general.ComplexPropertyTests&quot;&gt;<br/> &lt;test-method status=&quot;PASS&quot; signature=&quot;validateMembersOfGmlObjectCollection()[pri:0, instance:org.opengis.cite.iso19136.general.ComplexPropertyTests@6221e510]&quot; name=&quot;validateMembersOfGmlObjectCollection&quot; duration-ms=&quot;0&quot; started-at=&quot;2017-06-12T12:29:24Z&quot; description=&quot;See ISO 19136: 7.2.5, A.1.1.14&quot; finished-at=&quot;2017-06-12T12:29:24Z&quot;&gt;<br/> &lt;reporter-output&gt;<br/> &lt;/reporter-output&gt;<br/> &lt;/test-method&gt; &lt;!-- validateMembersOfGmlObjectCollection --&gt;<br/> &lt;test-method status=&quot;PASS&quot; signature=&quot;initSchemaModelFixture(org.testng.ITestContext)[pri:0, instance:org.opengis.cite.iso19136.general.ComplexPropertyTests@6221e510]&quot; name=&quot;initSchemaModelFixture&quot; is-config=&quot;true&quot; duration-ms=&quot;0&quot; started-at=&quot;2017-06-12T12:29:24Z&quot; finished-at=&quot;2017-06-12T12:29:24Z&quot;&gt;<br/> &lt;params&gt;<br/> &lt;param index=&quot;0&quot;&gt;<br/> &lt;value&gt;<br/> org.testng.TestRunner@1f52e3eb<br/> &lt;/value&gt;<br/> &lt;/param&gt;<br/> &lt;/params&gt;<br/> &lt;reporter-output&gt;<br/> &lt;/reporter-output&gt;<br/> &lt;/test-method&gt; &lt;!-- initSchemaModelFixture --&gt;<br/> &lt;test-method status=&quot;PASS&quot; signature=&quot;validateMetadataProperties()[pri:0, instance:org.opengis.cite.iso19136.general.ComplexPropertyTests@6221e510]&quot; name=&quot;validateMetadataProperties&quot; duration-ms=&quot;0&quot; started-at=&quot;2017-06-12T12:29:24Z&quot; description=&quot;See ISO 19136: 7.2.6, A.1.1.9&quot; finished-at=&quot;2017-06-12T12:29:24Z&quot;&gt;<br/> &lt;reporter-output&gt;<br/> &lt;/reporter-output&gt;<br/> &lt;/test-method&gt; &lt;!-- validateMetadataProperties --&gt;<br/> &lt;/class&gt; &lt;!-- org.opengis.cite.iso19136.general.ComplexPropertyTests --&gt;<br/> &lt;/test&gt; &lt;!-- All GML application schemas --&gt;<br/> &lt;test name=&quot;GML application schemas defining features and feature collections&quot; duration-ms=&quot;11&quot; started-at=&quot;2017-06-12T06:59:24Z&quot; finished-at=&quot;2017-06-12T06:59:24Z&quot;&gt;<br/> &lt;class name=&quot;org.opengis.cite.iso19136.components.FeatureComponentTests&quot;&gt;<br/> &lt;test-method status=&quot;PASS&quot; signature=&quot;hasFeatureComponents(org.testng.ITestContext)[pri:0, instance:org.opengis.cite.iso19136.components.FeatureComponentTests@1263c790]&quot; name=&quot;hasFeatureComponents&quot; is-config=&quot;true&quot; duration-ms=&quot;10&quot; started-at=&quot;2017-06-12T12:29:24Z&quot; finished-at=&quot;2017-06-12T12:29:24Z&quot;&gt;<br/> &lt;params&gt;<br/> &lt;param index=&quot;0&quot;&gt;<br/> &lt;value&gt;<br/> org.testng.TestRunner@62c719d5<br/> &lt;/value&gt;<br/> &lt;/param&gt;<br/> &lt;/params&gt;<br/> &lt;reporter-output&gt;<br/> &lt;/reporter-output&gt;<br/> &lt;/test-method&gt; &lt;!-- hasFeatureComponents --&gt;<br/> &lt;test-method status=&quot;PASS&quot; signature=&quot;initSchemaModelFixture(org.testng.ITestContext)[pri:0, instance:org.opengis.cite.iso19136.components.FeatureComponentTests@1263c790]&quot; name=&quot;initSchemaModelFixture&quot; is-config=&quot;true&quot; duration-ms=&quot;0&quot; started-at=&quot;2017-06-12T12:29:24Z&quot; finished-at=&quot;2017-06-12T12:29:24Z&quot;&gt;<br/> &lt;params&gt;<br/> &lt;param index=&quot;0&quot;&gt;<br/> &lt;value&gt;<br/> org.testng.TestRunner@62c719d5<br/> &lt;/value&gt;<br/> &lt;/param&gt;<br/> &lt;/params&gt;<br/> &lt;reporter-output&gt;<br/> &lt;/reporter-output&gt;<br/> &lt;/test-method&gt; &lt;!-- initSchemaModelFixture --&gt;<br/> &lt;test-method status=&quot;PASS&quot; signature=&quot;substitutesForAbstractFeature()[pri:0, instance:org.opengis.cite.iso19136.components.FeatureComponentTests@1263c790]&quot; name=&quot;substitutesForAbstractFeature&quot; duration-ms=&quot;0&quot; started-at=&quot;2017-06-12T12:29:24Z&quot; description=&quot;See ISO 19136: A.1.1.15&quot; finished-at=&quot;2017-06-12T12:29:24Z&quot;&gt;<br/> &lt;reporter-output&gt;<br/> &lt;/reporter-output&gt;<br/> &lt;/test-method&gt; &lt;!-- substitutesForAbstractFeature --&gt;<br/> &lt;test-method status=&quot;PASS&quot; signature=&quot;verifyFeatureMemberProperties()[pri:0, instance:org.opengis.cite.iso19136.components.FeatureComponentTests@1263c790]&quot; name=&quot;verifyFeatureMemberProperties&quot; duration-ms=&quot;0&quot; started-at=&quot;2017-06-12T12:29:24Z&quot; description=&quot;See ISO 19136: 9.9, A.1.1.16&quot; finished-at=&quot;2017-06-12T12:29:24Z&quot;&gt;<br/> &lt;reporter-output&gt;<br/> &lt;/reporter-output&gt;<br/> &lt;/test-method&gt; &lt;!-- verifyFeatureMemberProperties --&gt;<br/> &lt;/class&gt; &lt;!-- org.opengis.cite.iso19136.components.FeatureComponentTests --&gt;<br/> &lt;/test&gt; &lt;!-- GML application schemas defining features and feature collections --&gt;<br/> &lt;test name=&quot;GML application schemas defining spatial geometries&quot; duration-ms=&quot;18&quot; started-at=&quot;2017-06-12T06:59:24Z&quot; finished-at=&quot;2017-06-12T06:59:24Z&quot;&gt;<br/> &lt;class name=&quot;org.opengis.cite.iso19136.components.GeometryComponentTests&quot;&gt;<br/> &lt;test-method status=&quot;FAIL&quot; signature=&quot;hasGeometryComponents(org.testng.ITestContext)[pri:0, instance:org.opengis.cite.iso19136.components.GeometryComponentTests@39450f81]&quot; name=&quot;hasGeometryComponents&quot; is-config=&quot;true&quot; duration-ms=&quot;0&quot; started-at=&quot;2017-06-12T12:29:24Z&quot; finished-at=&quot;2017-06-12T12:29:24Z&quot;&gt;<br/> &lt;params&gt;<br/> &lt;param index=&quot;0&quot;&gt;<br/> &lt;value&gt;<br/> org.testng.TestRunner@e43d826<br/> &lt;/value&gt;<br/> &lt;/param&gt;<br/> &lt;/params&gt;<br/> &lt;exception class=&quot;java.lang.AssertionError&quot;&gt;<br/> &lt;message&gt;<br/> No user-defined geometry or geometry property types found in application schema. expected [false] but found [true]<br/> &lt;/message&gt;<br/> &lt;/exception&gt; &lt;!-- java.lang.AssertionError --&gt;<br/> &lt;reporter-output&gt;<br/> &lt;/reporter-output&gt;<br/> &lt;/test-method&gt; &lt;!-- hasGeometryComponents --&gt;<br/> &lt;test-method status=&quot;PASS&quot; signature=&quot;substitutesForGMLGeometry()[pri:0, instance:org.opengis.cite.iso19136.components.GeometryComponentTests@39450f81]&quot; name=&quot;substitutesForGMLGeometry&quot; duration-ms=&quot;0&quot; started-at=&quot;2017-06-12T12:29:24Z&quot; description=&quot;See ISO 19136: 21.4.2.1&quot; finished-at=&quot;2017-06-12T12:29:24Z&quot;&gt;<br/> &lt;reporter-output&gt;<br/> &lt;/reporter-output&gt;<br/> &lt;/test-method&gt; &lt;!-- substitutesForGMLGeometry --&gt;<br/> &lt;test-method status=&quot;PASS&quot; signature=&quot;validateImplicitGeometryProperty()[pri:0, instance:org.opengis.cite.iso19136.components.GeometryComponentTests@39450f81]&quot; name=&quot;validateImplicitGeometryProperty&quot; duration-ms=&quot;0&quot; started-at=&quot;2017-06-12T12:29:24Z&quot; description=&quot;See ISO 19136: 9.5, 21.4.2.2, A.1.1.10&quot; finished-at=&quot;2017-06-12T12:29:24Z&quot;&gt;<br/> &lt;reporter-output&gt;<br/> &lt;/reporter-output&gt;<br/> &lt;/test-method&gt; &lt;!-- validateImplicitGeometryProperty --&gt;<br/> &lt;test-method status=&quot;PASS&quot; signature=&quot;initSchemaModelFixture(org.testng.ITestContext)[pri:0, instance:org.opengis.cite.iso19136.components.GeometryComponentTests@39450f81]&quot; name=&quot;initSchemaModelFixture&quot; is-config=&quot;true&quot; duration-ms=&quot;0&quot; started-at=&quot;2017-06-12T12:29:24Z&quot; finished-at=&quot;2017-06-12T12:29:24Z&quot;&gt;<br/> &lt;params&gt;<br/> &lt;param index=&quot;0&quot;&gt;<br/> &lt;value&gt;<br/> org.testng.TestRunner@e43d826<br/> &lt;/value&gt;<br/> &lt;/param&gt;<br/> &lt;/params&gt;<br/> &lt;reporter-output&gt;<br/> &lt;/reporter-output&gt;<br/> &lt;/test-method&gt; &lt;!-- initSchemaModelFixture --&gt;<br/> &lt;/class&gt; &lt;!-- org.opengis.cite.iso19136.components.GeometryComponentTests --&gt;<br/> &lt;/test&gt; &lt;!-- GML application schemas defining spatial geometries --&gt;<br/> &lt;test name=&quot;GML application schemas defining time&quot; duration-ms=&quot;1&quot; started-at=&quot;2017-06-12T06:59:24Z&quot; finished-at=&quot;2017-06-12T06:59:24Z&quot;&gt;<br/> &lt;class name=&quot;org.opengis.cite.iso19136.components.TemporalComponentTests&quot;&gt;<br/> &lt;test-method status=&quot;FAIL&quot; signature=&quot;hasTemporalComponents(org.testng.ITestContext)[pri:0, instance:org.opengis.cite.iso19136.components.TemporalComponentTests@14062b2a]&quot; name=&quot;hasTemporalComponents&quot; is-config=&quot;true&quot; duration-ms=&quot;0&quot; started-at=&quot;2017-06-12T12:29:24Z&quot; finished-at=&quot;2017-06-12T12:29:24Z&quot;&gt;<br/> &lt;params&gt;<br/> &lt;param index=&quot;0&quot;&gt;<br/> &lt;value&gt;<br/> org.testng.TestRunner@579da253<br/> &lt;/value&gt;<br/> &lt;/param&gt;<br/> &lt;/params&gt;<br/> &lt;exception class=&quot;java.lang.AssertionError&quot;&gt;<br/> &lt;message&gt;<br/> No temporal (property) components found in schema. expected [false] but found [true]<br/> &lt;/message&gt;<br/> &lt;/exception&gt; &lt;!-- java.lang.AssertionError --&gt;<br/> &lt;reporter-output&gt;<br/> &lt;/reporter-output&gt;<br/> &lt;/test-method&gt; &lt;!-- hasTemporalComponents --&gt;<br/> &lt;test-method status=&quot;PASS&quot; signature=&quot;initSchemaModelFixture(org.testng.ITestContext)[pri:0, instance:org.opengis.cite.iso19136.components.TemporalComponentTests@14062b2a]&quot; name=&quot;initSchemaModelFixture&quot; is-config=&quot;true&quot; duration-ms=&quot;0&quot; started-at=&quot;2017-06-12T12:29:24Z&quot; finished-at=&quot;2017-06-12T12:29:24Z&quot;&gt;<br/> &lt;params&gt;<br/> &lt;param index=&quot;0&quot;&gt;<br/> &lt;value&gt;<br/> org.testng.TestRunner@579da253<br/> &lt;/value&gt;<br/> &lt;/param&gt;<br/> &lt;/params&gt;<br/> &lt;reporter-output&gt;<br/> &lt;/reporter-output&gt;<br/> &lt;/test-method&gt; &lt;!-- initSchemaModelFixture --&gt;<br/> &lt;test-method status=&quot;PASS&quot; signature=&quot;substitutesForAbstractTimeObject()[pri:0, instance:org.opengis.cite.iso19136.components.TemporalComponentTests@14062b2a]&quot; name=&quot;substitutesForAbstractTimeObject&quot; duration-ms=&quot;0&quot; started-at=&quot;2017-06-12T12:29:24Z&quot; description=&quot;See ISO 19136: 21.6.2.1&quot; finished-at=&quot;2017-06-12T12:29:24Z&quot;&gt;<br/> &lt;reporter-output&gt;<br/> &lt;/reporter-output&gt;<br/> &lt;/test-method&gt; &lt;!-- substitutesForAbstractTimeObject --&gt;<br/> &lt;test-method status=&quot;PASS&quot; signature=&quot;validateImplicitTemporalProperty()[pri:0, instance:org.opengis.cite.iso19136.components.TemporalComponentTests@14062b2a]&quot; name=&quot;validateImplicitTemporalProperty&quot; duration-ms=&quot;0&quot; started-at=&quot;2017-06-12T12:29:24Z&quot; description=&quot;See ISO 19136: 9.7, 21.6.2.2, A.1.1.12&quot; finished-at=&quot;2017-06-12T12:29:24Z&quot;&gt;<br/> &lt;reporter-output&gt;<br/> &lt;/reporter-output&gt;<br/> &lt;/test-method&gt; &lt;!-- validateImplicitTemporalProperty --&gt;<br/> &lt;/class&gt; &lt;!-- org.opengis.cite.iso19136.components.TemporalComponentTests --&gt;<br/> &lt;/test&gt; &lt;!-- GML application schemas defining time --&gt;<br/> &lt;test name=&quot;GML application schemas defining spatial topologies&quot; duration-ms=&quot;0&quot; started-at=&quot;2017-06-12T06:59:24Z&quot; finished-at=&quot;2017-06-12T06:59:24Z&quot;&gt;<br/> &lt;class name=&quot;org.opengis.cite.iso19136.components.TopologyComponentTests&quot;&gt;<br/> &lt;test-method status=&quot;PASS&quot; signature=&quot;substitutesForGMLTopology()[pri:0, instance:org.opengis.cite.iso19136.components.TopologyComponentTests@78daedad]&quot; name=&quot;substitutesForGMLTopology&quot; duration-ms=&quot;0&quot; started-at=&quot;2017-06-12T12:29:24Z&quot; description=&quot;See ISO 19136: 21.5.2.1&quot; finished-at=&quot;2017-06-12T12:29:24Z&quot;&gt;<br/> &lt;reporter-output&gt;<br/> &lt;/reporter-output&gt;<br/> &lt;/test-method&gt; &lt;!-- substitutesForGMLTopology --&gt;<br/> &lt;test-method status=&quot;PASS&quot; signature=&quot;validateImplicitTopologyProperty()[pri:0, instance:org.opengis.cite.iso19136.components.TopologyComponentTests@78daedad]&quot; name=&quot;validateImplicitTopologyProperty&quot; duration-ms=&quot;0&quot; started-at=&quot;2017-06-12T12:29:24Z&quot; description=&quot;See ISO 19136: 9.6, 21.5.2.2, A.1.1.11&quot; finished-at=&quot;2017-06-12T12:29:24Z&quot;&gt;<br/> &lt;reporter-output&gt;<br/> &lt;/reporter-output&gt;<br/> &lt;/test-method&gt; &lt;!-- validateImplicitTopologyProperty --&gt;<br/> &lt;test-method status=&quot;FAIL&quot; signature=&quot;hasTopologyComponents(org.testng.ITestContext)[pri:0, instance:org.opengis.cite.iso19136.components.TopologyComponentTests@78daedad]&quot; name=&quot;hasTopologyComponents&quot; is-config=&quot;true&quot; duration-ms=&quot;0&quot; started-at=&quot;2017-06-12T12:29:24Z&quot; finished-at=&quot;2017-06-12T12:29:24Z&quot;&gt;<br/> &lt;params&gt;<br/> &lt;param index=&quot;0&quot;&gt;<br/> &lt;value&gt;<br/> org.testng.TestRunner@1d5c7bb3<br/> &lt;/value&gt;<br/> &lt;/param&gt;<br/> &lt;/params&gt;<br/> &lt;exception class=&quot;java.lang.AssertionError&quot;&gt;<br/> &lt;message&gt;<br/> No GML topology (property) components found in schema. expected [false] but found [true]<br/> &lt;/message&gt;<br/> &lt;/exception&gt; &lt;!-- java.lang.AssertionError --&gt;<br/> &lt;reporter-output&gt;<br/> &lt;/reporter-output&gt;<br/> &lt;/test-method&gt; &lt;!-- hasTopologyComponents --&gt;<br/> &lt;test-method status=&quot;PASS&quot; signature=&quot;initSchemaModelFixture(org.testng.ITestContext)[pri:0, instance:org.opengis.cite.iso19136.components.TopologyComponentTests@78daedad]&quot; name=&quot;initSchemaModelFixture&quot; is-config=&quot;true&quot; duration-ms=&quot;0&quot; started-at=&quot;2017-06-12T12:29:24Z&quot; finished-at=&quot;2017-06-12T12:29:24Z&quot;&gt;<br/> &lt;params&gt;<br/> &lt;param index=&quot;0&quot;&gt;<br/> &lt;value&gt;<br/> org.testng.TestRunner@1d5c7bb3<br/> &lt;/value&gt;<br/> &lt;/param&gt;<br/> &lt;/params&gt;<br/> &lt;reporter-output&gt;<br/> &lt;/reporter-output&gt;<br/> &lt;/test-method&gt; &lt;!-- initSchemaModelFixture --&gt;<br/> &lt;/class&gt; &lt;!-- org.opengis.cite.iso19136.components.TopologyComponentTests --&gt;<br/> &lt;/test&gt; &lt;!-- GML application schemas defining spatial topologies --&gt;<br/> &lt;test name=&quot;GML Documents&quot; duration-ms=&quot;2506&quot; started-at=&quot;2017-06-12T06:59:24Z&quot; finished-at=&quot;2017-06-12T06:59:26Z&quot;&gt;<br/> &lt;class name=&quot;org.opengis.cite.iso19136.data.spatial.PointTests&quot;&gt;<br/> &lt;test-method status=&quot;PASS&quot; signature=&quot;initDataFixture(org.testng.ITestContext)[pri:0, instance:org.opengis.cite.iso19136.data.spatial.PointTests@1e476518]&quot; name=&quot;initDataFixture&quot; is-config=&quot;true&quot; duration-ms=&quot;1&quot; started-at=&quot;2017-06-12T12:29:26Z&quot; finished-at=&quot;2017-06-12T12:29:26Z&quot;&gt;<br/> &lt;params&gt;<br/> &lt;param index=&quot;0&quot;&gt;<br/> &lt;value&gt;<br/> org.testng.TestRunner@3ad3650a<br/> &lt;/value&gt;<br/> &lt;/param&gt;<br/> &lt;/params&gt;<br/> &lt;reporter-output&gt;<br/> &lt;/reporter-output&gt;<br/> &lt;/test-method&gt; &lt;!-- initDataFixture --&gt;<br/> &lt;test-method status=&quot;FAIL&quot; signature=&quot;findPoints()[pri:0, instance:org.opengis.cite.iso19136.data.spatial.PointTests@1e476518]&quot; name=&quot;findPoints&quot; is-config=&quot;true&quot; duration-ms=&quot;0&quot; started-at=&quot;2017-06-12T12:29:26Z&quot; finished-at=&quot;2017-06-12T12:29:26Z&quot;&gt;<br/> &lt;exception class=&quot;java.lang.AssertionError&quot;&gt;<br/> &lt;message&gt;<br/> gml:Point elements not found. expected [false] but found [true]<br/> &lt;/message&gt;<br/> &lt;/exception&gt; &lt;!-- java.lang.AssertionError --&gt;<br/> &lt;reporter-output&gt;<br/> &lt;/reporter-output&gt;<br/> &lt;/test-method&gt; &lt;!-- findPoints --&gt;<br/> &lt;test-method status=&quot;SKIP&quot; signature=&quot;pointHasValidCRS()[pri:0, instance:org.opengis.cite.iso19136.data.spatial.PointTests@1e476518]&quot; name=&quot;pointHasValidCRS&quot; duration-ms=&quot;0&quot; started-at=&quot;2017-06-12T12:29:26Z&quot; description=&quot;See ISO 19136: 9.10, 10.1.3.2; ISO 19107: 6.2.2.17&quot; finished-at=&quot;2017-06-12T12:29:26Z&quot;&gt;<br/> &lt;reporter-output&gt;<br/> &lt;/reporter-output&gt;<br/> &lt;/test-method&gt; &lt;!-- pointHasValidCRS --&gt;<br/> &lt;test-method status=&quot;SKIP&quot; signature=&quot;pointHasValidPosition()[pri:0, instance:org.opengis.cite.iso19136.data.spatial.PointTests@1e476518]&quot; name=&quot;pointHasValidPosition&quot; duration-ms=&quot;0&quot; started-at=&quot;2017-06-12T12:29:26Z&quot; description=&quot;See ISO 19107: 6.2.2.10&quot; finished-at=&quot;2017-06-12T12:29:26Z&quot;&gt;<br/> &lt;reporter-output&gt;<br/> &lt;/reporter-output&gt;<br/> &lt;/test-method&gt; &lt;!-- pointHasValidPosition --&gt;<br/> &lt;/class&gt; &lt;!-- org.opengis.cite.iso19136.data.spatial.PointTests --&gt;<br/> &lt;class name=&quot;org.opengis.cite.iso19136.data.SchematronTests&quot;&gt;<br/> &lt;test-method status=&quot;PASS&quot; signature=&quot;initDataFixture(org.testng.ITestContext)[pri:0, instance:org.opengis.cite.iso19136.data.SchematronTests@7e439bf8]&quot; name=&quot;initDataFixture&quot; is-config=&quot;true&quot; duration-ms=&quot;1&quot; started-at=&quot;2017-06-12T12:29:24Z&quot; finished-at=&quot;2017-06-12T12:29:24Z&quot;&gt;<br/> &lt;params&gt;<br/> &lt;param index=&quot;0&quot;&gt;<br/> &lt;value&gt;<br/> org.testng.TestRunner@3ad3650a<br/> &lt;/value&gt;<br/> &lt;/param&gt;<br/> &lt;/params&gt;<br/> &lt;reporter-output&gt;<br/> &lt;/reporter-output&gt;<br/> &lt;/test-method&gt; &lt;!-- initDataFixture --&gt;<br/> &lt;test-method status=&quot;PASS&quot; signature=&quot;createSchematronValidator(org.testng.ITestContext)[pri:0, instance:org.opengis.cite.iso19136.data.SchematronTests@7e439bf8]&quot; name=&quot;createSchematronValidator&quot; is-config=&quot;true&quot; duration-ms=&quot;1358&quot; started-at=&quot;2017-06-12T12:29:24Z&quot; finished-at=&quot;2017-06-12T12:29:25Z&quot;&gt;<br/> &lt;params&gt;<br/> &lt;param index=&quot;0&quot;&gt;<br/> &lt;value&gt;<br/> org.testng.TestRunner@3ad3650a<br/> &lt;/value&gt;<br/> &lt;/param&gt;<br/> &lt;/params&gt;<br/> &lt;reporter-output&gt;<br/> &lt;/reporter-output&gt;<br/> &lt;/test-method&gt; &lt;!-- createSchematronValidator --&gt;<br/> &lt;test-method status=&quot;FAIL&quot; signature=&quot;checkForDeprecatedGMLElements()[pri:0, instance:org.opengis.cite.iso19136.data.SchematronTests@7e439bf8]&quot; name=&quot;checkForDeprecatedGMLElements&quot; duration-ms=&quot;176&quot; started-at=&quot;2017-06-12T12:29:25Z&quot; description=&quot;See ISO 19136: Annex I&quot; finished-at=&quot;2017-06-12T12:29:25Z&quot;&gt;<br/> &lt;exception class=&quot;java.lang.NoSuchMethodError&quot;&gt;<br/> &lt;message&gt;<br/> org.opengis.cite.validation.SchematronValidator.validate(Ljavax/xml/transform/Source;)Ljavax/xml/transform/Result;<br/> &lt;/message&gt;<br/> &lt;/exception&gt; &lt;!-- java.lang.NoSuchMethodError --&gt;<br/> &lt;reporter-output&gt;<br/> &lt;/reporter-output&gt;<br/> &lt;/test-method&gt; &lt;!-- checkForDeprecatedGMLElements --&gt;<br/> &lt;test-method status=&quot;FAIL&quot; signature=&quot;checkGMLSchematronConstraints()[pri:0, instance:org.opengis.cite.iso19136.data.SchematronTests@7e439bf8]&quot; name=&quot;checkGMLSchematronConstraints&quot; duration-ms=&quot;264&quot; started-at=&quot;2017-06-12T12:29:25Z&quot; description=&quot;Checks general Schematron rules specified in ISO 19136&quot; finished-at=&quot;2017-06-12T12:29:25Z&quot;&gt;<br/> &lt;exception class=&quot;java.lang.NoSuchMethodError&quot;&gt;<br/> &lt;message&gt;<br/> org.opengis.cite.validation.SchematronValidator.validate(Ljavax/xml/transform/Source;)Ljavax/xml/transform/Result;<br/> &lt;/message&gt;<br/> &lt;/exception&gt; &lt;!-- java.lang.NoSuchMethodError --&gt;<br/> &lt;reporter-output&gt;<br/> &lt;/reporter-output&gt;<br/> &lt;/test-method&gt; &lt;!-- checkGMLSchematronConstraints --&gt;<br/> &lt;test-method status=&quot;FAIL&quot; signature=&quot;checkSchematronConstraints()[pri:0, instance:org.opengis.cite.iso19136.data.SchematronTests@7e439bf8]&quot; name=&quot;checkSchematronConstraints&quot; duration-ms=&quot;0&quot; started-at=&quot;2017-06-12T12:29:25Z&quot; description=&quot;Checks application-specific Schematron rules&quot; finished-at=&quot;2017-06-12T12:29:25Z&quot;&gt;<br/> &lt;exception class=&quot;java.lang.NoSuchMethodError&quot;&gt;<br/> &lt;message&gt;<br/> org.opengis.cite.validation.SchematronValidator.validate(Ljavax/xml/transform/Source;)Ljavax/xml/transform/Result;<br/> &lt;/message&gt;<br/> &lt;/exception&gt; &lt;!-- java.lang.NoSuchMethodError --&gt;<br/> &lt;reporter-output&gt;<br/> &lt;/reporter-output&gt;<br/> &lt;/test-method&gt; &lt;!-- checkSchematronConstraints --&gt;<br/> &lt;/class&gt; &lt;!-- org.opengis.cite.iso19136.data.SchematronTests --&gt;<br/> &lt;class name=&quot;org.opengis.cite.iso19136.data.spatial.CompositeCurveTests&quot;&gt;<br/> &lt;test-method status=&quot;FAIL&quot; signature=&quot;findCompositeCurves()[pri:0, instance:org.opengis.cite.iso19136.data.spatial.CompositeCurveTests@74f0b76c]&quot; name=&quot;findCompositeCurves&quot; is-config=&quot;true&quot; duration-ms=&quot;0&quot; started-at=&quot;2017-06-12T12:29:26Z&quot; finished-at=&quot;2017-06-12T12:29:26Z&quot;&gt;<br/> &lt;exception class=&quot;java.lang.AssertionError&quot;&gt;<br/> &lt;message&gt;<br/> No gml:CompositeCurve elements were found. expected [false] but found [true]<br/> &lt;/message&gt;<br/> &lt;/exception&gt; &lt;!-- java.lang.AssertionError --&gt;<br/> &lt;reporter-output&gt;<br/> &lt;/reporter-output&gt;<br/> &lt;/test-method&gt; &lt;!-- findCompositeCurves --&gt;<br/> &lt;test-method status=&quot;PASS&quot; signature=&quot;initDataFixture(org.testng.ITestContext)[pri:0, instance:org.opengis.cite.iso19136.data.spatial.CompositeCurveTests@74f0b76c]&quot; name=&quot;initDataFixture&quot; is-config=&quot;true&quot; duration-ms=&quot;0&quot; started-at=&quot;2017-06-12T12:29:26Z&quot; finished-at=&quot;2017-06-12T12:29:26Z&quot;&gt;<br/> &lt;params&gt;<br/> &lt;param index=&quot;0&quot;&gt;<br/> &lt;value&gt;<br/> org.testng.TestRunner@3ad3650a<br/> &lt;/value&gt;<br/> &lt;/param&gt;<br/> &lt;/params&gt;<br/> &lt;reporter-output&gt;<br/> &lt;/reporter-output&gt;<br/> &lt;/test-method&gt; &lt;!-- initDataFixture --&gt;<br/> &lt;test-method status=&quot;SKIP&quot; signature=&quot;compositeCurveComponentsAreConnected()[pri:0, instance:org.opengis.cite.iso19136.data.spatial.CompositeCurveTests@74f0b76c]&quot; name=&quot;compositeCurveComponentsAreConnected&quot; duration-ms=&quot;0&quot; started-at=&quot;2017-06-12T12:29:26Z&quot; description=&quot;See ISO 19136: 11.2.2.2&quot; finished-at=&quot;2017-06-12T12:29:26Z&quot;&gt;<br/> &lt;reporter-output&gt;<br/> &lt;/reporter-output&gt;<br/> &lt;/test-method&gt; &lt;!-- compositeCurveComponentsAreConnected --&gt;<br/> &lt;/class&gt; &lt;!-- org.opengis.cite.iso19136.data.spatial.CompositeCurveTests --&gt;<br/> &lt;class name=&quot;org.opengis.cite.iso19136.data.spatial.SurfaceTests&quot;&gt;<br/> &lt;test-method status=&quot;PASS&quot; signature=&quot;initDataFixture(org.testng.ITestContext)[pri:0, instance:org.opengis.cite.iso19136.data.spatial.SurfaceTests@3147cbe]&quot; name=&quot;initDataFixture&quot; is-config=&quot;true&quot; duration-ms=&quot;0&quot; started-at=&quot;2017-06-12T12:29:26Z&quot; finished-at=&quot;2017-06-12T12:29:26Z&quot;&gt;<br/> &lt;params&gt;<br/> &lt;param index=&quot;0&quot;&gt;<br/> &lt;value&gt;<br/> org.testng.TestRunner@3ad3650a<br/> &lt;/value&gt;<br/> &lt;/param&gt;<br/> &lt;/params&gt;<br/> &lt;reporter-output&gt;<br/> &lt;/reporter-output&gt;<br/> &lt;/test-method&gt; &lt;!-- initDataFixture --&gt;<br/> &lt;test-method status=&quot;PASS&quot; signature=&quot;findSurfaces()[pri:0, instance:org.opengis.cite.iso19136.data.spatial.SurfaceTests@3147cbe]&quot; name=&quot;findSurfaces&quot; is-config=&quot;true&quot; duration-ms=&quot;2&quot; started-at=&quot;2017-06-12T12:29:26Z&quot; finished-at=&quot;2017-06-12T12:29:26Z&quot;&gt;<br/> &lt;reporter-output&gt;<br/> &lt;/reporter-output&gt;<br/> &lt;/test-method&gt; &lt;!-- findSurfaces --&gt;<br/> &lt;test-method status=&quot;PASS&quot; signature=&quot;surfaceHasValidCRS()[pri:0, instance:org.opengis.cite.iso19136.data.spatial.SurfaceTests@3147cbe]&quot; name=&quot;surfaceHasValidCRS&quot; duration-ms=&quot;1&quot; started-at=&quot;2017-06-12T12:29:26Z&quot; description=&quot;See ISO 19136: 9.10, 10.1.3.2; ISO 19107: 6.2.2.17&quot; finished-at=&quot;2017-06-12T12:29:26Z&quot;&gt;<br/> &lt;reporter-output&gt;<br/> &lt;/reporter-output&gt;<br/> &lt;/test-method&gt; &lt;!-- surfaceHasValidCRS --&gt;<br/> &lt;test-method status=&quot;FAIL&quot; signature=&quot;validSurfaceBoundary()[pri:0, instance:org.opengis.cite.iso19136.data.spatial.SurfaceTests@3147cbe]&quot; name=&quot;validSurfaceBoundary&quot; duration-ms=&quot;36&quot; started-at=&quot;2017-06-12T12:29:26Z&quot; description=&quot;See ISO 19136: 10.5.5, 10.5.11.1; ISO 19107: 6.3.6, 6.3.7.2&quot; finished-at=&quot;2017-06-12T12:29:26Z&quot;&gt;<br/> &lt;exception class=&quot;java.lang.NullPointerException&quot;&gt;<br/> &lt;/exception&gt; &lt;!-- java.lang.NullPointerException --&gt;<br/> &lt;reporter-output&gt;<br/> &lt;/reporter-output&gt;<br/> &lt;/test-method&gt; &lt;!-- validSurfaceBoundary --&gt;<br/> &lt;test-method status=&quot;FAIL&quot; signature=&quot;validSurfaceOrientation()[pri:0, instance:org.opengis.cite.iso19136.data.spatial.SurfaceTests@3147cbe]&quot; name=&quot;validSurfaceOrientation&quot; duration-ms=&quot;22&quot; started-at=&quot;2017-06-12T12:29:26Z&quot; description=&quot;See ISO 19136: 10.5.10; ISO 19107: 6.3.17, 6.4.34&quot; finished-at=&quot;2017-06-12T12:29:26Z&quot;&gt;<br/> &lt;exception class=&quot;java.lang.RuntimeException&quot;&gt;<br/> &lt;message&gt;<br/> Failed to create coordinate transformer.<br/> &lt;/message&gt;<br/> &lt;/exception&gt; &lt;!-- java.lang.RuntimeException --&gt;<br/> &lt;reporter-output&gt;<br/> &lt;/reporter-output&gt;<br/> &lt;/test-method&gt; &lt;!-- validSurfaceOrientation --&gt;<br/> &lt;/class&gt; &lt;!-- org.opengis.cite.iso19136.data.spatial.SurfaceTests --&gt;<br/> &lt;class name=&quot;org.opengis.cite.iso19136.data.spatial.LineStringTests&quot;&gt;<br/> &lt;test-method status=&quot;PASS&quot; signature=&quot;initDataFixture(org.testng.ITestContext)[pri:0, instance:org.opengis.cite.iso19136.data.spatial.LineStringTests@40174b69]&quot; name=&quot;initDataFixture&quot; is-config=&quot;true&quot; duration-ms=&quot;0&quot; started-at=&quot;2017-06-12T12:29:26Z&quot; finished-at=&quot;2017-06-12T12:29:26Z&quot;&gt;<br/> &lt;params&gt;<br/> &lt;param index=&quot;0&quot;&gt;<br/> &lt;value&gt;<br/> org.testng.TestRunner@3ad3650a<br/> &lt;/value&gt;<br/> &lt;/param&gt;<br/> &lt;/params&gt;<br/> &lt;reporter-output&gt;<br/> &lt;/reporter-output&gt;<br/> &lt;/test-method&gt; &lt;!-- initDataFixture --&gt;<br/> &lt;test-method status=&quot;SKIP&quot; signature=&quot;findLineStrings()[pri:0, instance:org.opengis.cite.iso19136.data.spatial.LineStringTests@40174b69]&quot; name=&quot;findLineStrings&quot; is-config=&quot;true&quot; duration-ms=&quot;0&quot; started-at=&quot;2017-06-12T12:29:26Z&quot; finished-at=&quot;2017-06-12T12:29:26Z&quot;&gt;<br/> &lt;exception class=&quot;org.testng.SkipException&quot;&gt;<br/> &lt;message&gt;<br/> No gml:Curve elements were found.<br/> &lt;/message&gt;<br/> &lt;/exception&gt; &lt;!-- org.testng.SkipException --&gt;<br/> &lt;reporter-output&gt;<br/> &lt;/reporter-output&gt;<br/> &lt;/test-method&gt; &lt;!-- findLineStrings --&gt;<br/> &lt;test-method status=&quot;SKIP&quot; signature=&quot;lineHasValidCRS()[pri:0, instance:org.opengis.cite.iso19136.data.spatial.LineStringTests@40174b69]&quot; name=&quot;lineHasValidCRS&quot; duration-ms=&quot;1&quot; started-at=&quot;2017-06-12T12:29:26Z&quot; description=&quot;See ISO 19136: 9.10, 10.1.3.2; ISO 19107: 6.2.2.17&quot; finished-at=&quot;2017-06-12T12:29:26Z&quot;&gt;<br/> &lt;reporter-output&gt;<br/> &lt;/reporter-output&gt;<br/> &lt;/test-method&gt; &lt;!-- lineHasValidCRS --&gt;<br/> &lt;test-method status=&quot;SKIP&quot; signature=&quot;validLineString()[pri:0, instance:org.opengis.cite.iso19136.data.spatial.LineStringTests@40174b69]&quot; name=&quot;validLineString&quot; duration-ms=&quot;0&quot; started-at=&quot;2017-06-12T12:29:26Z&quot; description=&quot;See ISO 19136: 10.4.4&quot; finished-at=&quot;2017-06-12T12:29:26Z&quot;&gt;<br/> &lt;reporter-output&gt;<br/> &lt;/reporter-output&gt;<br/> &lt;/test-method&gt; &lt;!-- validLineString --&gt;<br/> &lt;/class&gt; &lt;!-- org.opengis.cite.iso19136.data.spatial.LineStringTests --&gt;<br/> &lt;class name=&quot;org.opengis.cite.iso19136.data.XMLSchemaValidationTests&quot;&gt;<br/> &lt;test-method status=&quot;PASS&quot; signature=&quot;initDataFixture(org.testng.ITestContext)[pri:0, instance:org.opengis.cite.iso19136.data.XMLSchemaValidationTests@33899b63]&quot; name=&quot;initDataFixture&quot; is-config=&quot;true&quot; duration-ms=&quot;1&quot; started-at=&quot;2017-06-12T12:29:24Z&quot; finished-at=&quot;2017-06-12T12:29:24Z&quot;&gt;<br/> &lt;params&gt;<br/> &lt;param index=&quot;0&quot;&gt;<br/> &lt;value&gt;<br/> org.testng.TestRunner@3ad3650a<br/> &lt;/value&gt;<br/> &lt;/param&gt;<br/> &lt;/params&gt;<br/> &lt;reporter-output&gt;<br/> &lt;/reporter-output&gt;<br/> &lt;/test-method&gt; &lt;!-- initDataFixture --&gt;<br/> &lt;test-method status=&quot;PASS&quot; signature=&quot;getXMLSchema(org.testng.ITestContext)[pri:0, instance:org.opengis.cite.iso19136.data.XMLSchemaValidationTests@33899b63]&quot; name=&quot;getXMLSchema&quot; is-config=&quot;true&quot; duration-ms=&quot;0&quot; started-at=&quot;2017-06-12T12:29:24Z&quot; finished-at=&quot;2017-06-12T12:29:24Z&quot;&gt;<br/> &lt;params&gt;<br/> &lt;param index=&quot;0&quot;&gt;<br/> &lt;value&gt;<br/> org.testng.TestRunner@3ad3650a<br/> &lt;/value&gt;<br/> &lt;/param&gt;<br/> &lt;/params&gt;<br/> &lt;reporter-output&gt;<br/> &lt;/reporter-output&gt;<br/> &lt;/test-method&gt; &lt;!-- getXMLSchema --&gt;<br/> &lt;test-method status=&quot;PASS&quot; signature=&quot;isXMLSchemaValid()[pri:0, instance:org.opengis.cite.iso19136.data.XMLSchemaValidationTests@33899b63]&quot; name=&quot;isXMLSchemaValid&quot; duration-ms=&quot;32&quot; started-at=&quot;2017-06-12T12:29:24Z&quot; description=&quot;See ISO 19136: A.3.4&quot; finished-at=&quot;2017-06-12T12:29:24Z&quot;&gt;<br/> &lt;reporter-output&gt;<br/> &lt;/reporter-output&gt;<br/> &lt;/test-method&gt; &lt;!-- isXMLSchemaValid --&gt;<br/> &lt;/class&gt; &lt;!-- org.opengis.cite.iso19136.data.XMLSchemaValidationTests --&gt;<br/> &lt;class name=&quot;org.opengis.cite.iso19136.data.PropertyValueTests&quot;&gt;<br/> &lt;test-method status=&quot;PASS&quot; signature=&quot;initDataFixture(org.testng.ITestContext)[pri:0, instance:org.opengis.cite.iso19136.data.PropertyValueTests@79c367d]&quot; name=&quot;initDataFixture&quot; is-config=&quot;true&quot; duration-ms=&quot;0&quot; started-at=&quot;2017-06-12T12:29:25Z&quot; finished-at=&quot;2017-06-12T12:29:25Z&quot;&gt;<br/> &lt;params&gt;<br/> &lt;param index=&quot;0&quot;&gt;<br/> &lt;value&gt;<br/> org.testng.TestRunner@3ad3650a<br/> &lt;/value&gt;<br/> &lt;/param&gt;<br/> &lt;/params&gt;<br/> &lt;reporter-output&gt;<br/> &lt;/reporter-output&gt;<br/> &lt;/test-method&gt; &lt;!-- initDataFixture --&gt;<br/> &lt;test-method status=&quot;PASS&quot; signature=&quot;validateLocationName()[pri:0, instance:org.opengis.cite.iso19136.data.PropertyValueTests@79c367d]&quot; name=&quot;validateLocationName&quot; duration-ms=&quot;11&quot; started-at=&quot;2017-06-12T12:29:25Z&quot; description=&quot;See ISO 19136: 9.4.2&quot; finished-at=&quot;2017-06-12T12:29:26Z&quot;&gt;<br/> &lt;reporter-output&gt;<br/> &lt;/reporter-output&gt;<br/> &lt;/test-method&gt; &lt;!-- validateLocationName --&gt;<br/> &lt;test-method status=&quot;PASS&quot; signature=&quot;validateLocationReference()[pri:0, instance:org.opengis.cite.iso19136.data.PropertyValueTests@79c367d]&quot; name=&quot;validateLocationReference&quot; duration-ms=&quot;5&quot; started-at=&quot;2017-06-12T12:29:26Z&quot; description=&quot;See ISO 19136: 9.4.2&quot; finished-at=&quot;2017-06-12T12:29:26Z&quot;&gt;<br/> &lt;reporter-output&gt;<br/> &lt;/reporter-output&gt;<br/> &lt;/test-method&gt; &lt;!-- validateLocationReference --&gt;<br/> &lt;/class&gt; &lt;!-- org.opengis.cite.iso19136.data.PropertyValueTests --&gt;<br/> &lt;class name=&quot;org.opengis.cite.iso19136.data.spatial.EnvelopeTests&quot;&gt;<br/> &lt;test-method status=&quot;PASS&quot; signature=&quot;initDataFixture(org.testng.ITestContext)[pri:0, instance:org.opengis.cite.iso19136.data.spatial.EnvelopeTests@616ab730]&quot; name=&quot;initDataFixture&quot; is-config=&quot;true&quot; duration-ms=&quot;0&quot; started-at=&quot;2017-06-12T12:29:26Z&quot; finished-at=&quot;2017-06-12T12:29:26Z&quot;&gt;<br/> &lt;params&gt;<br/> &lt;param index=&quot;0&quot;&gt;<br/> &lt;value&gt;<br/> org.testng.TestRunner@3ad3650a<br/> &lt;/value&gt;<br/> &lt;/param&gt;<br/> &lt;/params&gt;<br/> &lt;reporter-output&gt;<br/> &lt;/reporter-output&gt;<br/> &lt;/test-method&gt; &lt;!-- initDataFixture --&gt;<br/> &lt;test-method status=&quot;FAIL&quot; signature=&quot;findEnvelopes()[pri:0, instance:org.opengis.cite.iso19136.data.spatial.EnvelopeTests@616ab730]&quot; name=&quot;findEnvelopes&quot; is-config=&quot;true&quot; duration-ms=&quot;0&quot; started-at=&quot;2017-06-12T12:29:26Z&quot; finished-at=&quot;2017-06-12T12:29:26Z&quot;&gt;<br/> &lt;exception class=&quot;java.lang.RuntimeException&quot;&gt;<br/> &lt;message&gt;<br/> No code 9122 from authority European Petroleum Survey Group found for object of type Unit.<br/> &lt;/message&gt;<br/> &lt;/exception&gt; &lt;!-- java.lang.RuntimeException --&gt;<br/> &lt;reporter-output&gt;<br/> &lt;/reporter-output&gt;<br/> &lt;/test-method&gt; &lt;!-- findEnvelopes --&gt;<br/> &lt;test-method status=&quot;SKIP&quot; signature=&quot;checkEnvelopePositions()[pri:0, instance:org.opengis.cite.iso19136.data.spatial.EnvelopeTests@616ab730]&quot; name=&quot;checkEnvelopePositions&quot; duration-ms=&quot;0&quot; started-at=&quot;2017-06-12T12:29:26Z&quot; description=&quot;See ISO 19107: 6.4.3.2, 6.4.3.3&quot; finished-at=&quot;2017-06-12T12:29:26Z&quot;&gt;<br/> &lt;reporter-output&gt;<br/> &lt;/reporter-output&gt;<br/> &lt;/test-method&gt; &lt;!-- checkEnvelopePositions --&gt;<br/> &lt;test-method status=&quot;SKIP&quot; signature=&quot;envelopeHasValidCRS()[pri:0, instance:org.opengis.cite.iso19136.data.spatial.EnvelopeTests@616ab730]&quot; name=&quot;envelopeHasValidCRS&quot; duration-ms=&quot;0&quot; started-at=&quot;2017-06-12T12:29:26Z&quot; description=&quot;See ISO 19136: 10.1.3.2&quot; finished-at=&quot;2017-06-12T12:29:26Z&quot;&gt;<br/> &lt;reporter-output&gt;<br/> &lt;/reporter-output&gt;<br/> &lt;/test-method&gt; &lt;!-- envelopeHasValidCRS --&gt;<br/> &lt;/class&gt; &lt;!-- org.opengis.cite.iso19136.data.spatial.EnvelopeTests --&gt;<br/> &lt;class name=&quot;org.opengis.cite.iso19136.data.spatial.CurveTests&quot;&gt;<br/> &lt;test-method status=&quot;PASS&quot; signature=&quot;initDataFixture(org.testng.ITestContext)[pri:0, instance:org.opengis.cite.iso19136.data.spatial.CurveTests@655d9d7f]&quot; name=&quot;initDataFixture&quot; is-config=&quot;true&quot; duration-ms=&quot;1&quot; started-at=&quot;2017-06-12T12:29:26Z&quot; finished-at=&quot;2017-06-12T12:29:26Z&quot;&gt;<br/> &lt;params&gt;<br/> &lt;param index=&quot;0&quot;&gt;<br/> &lt;value&gt;<br/> org.testng.TestRunner@3ad3650a<br/> &lt;/value&gt;<br/> &lt;/param&gt;<br/> &lt;/params&gt;<br/> &lt;reporter-output&gt;<br/> &lt;/reporter-output&gt;<br/> &lt;/test-method&gt; &lt;!-- initDataFixture --&gt;<br/> &lt;test-method status=&quot;SKIP&quot; signature=&quot;findCurves()[pri:0, instance:org.opengis.cite.iso19136.data.spatial.CurveTests@655d9d7f]&quot; name=&quot;findCurves&quot; is-config=&quot;true&quot; duration-ms=&quot;0&quot; started-at=&quot;2017-06-12T12:29:26Z&quot; finished-at=&quot;2017-06-12T12:29:26Z&quot;&gt;<br/> &lt;exception class=&quot;org.testng.SkipException&quot;&gt;<br/> &lt;message&gt;<br/> No gml:Curve elements were found.<br/> &lt;/message&gt;<br/> &lt;/exception&gt; &lt;!-- org.testng.SkipException --&gt;<br/> &lt;reporter-output&gt;<br/> &lt;/reporter-output&gt;<br/> &lt;/test-method&gt; &lt;!-- findCurves --&gt;<br/> &lt;test-method status=&quot;SKIP&quot; signature=&quot;validCurveSegments()[pri:0, instance:org.opengis.cite.iso19136.data.spatial.CurveTests@655d9d7f]&quot; name=&quot;validCurveSegments&quot; duration-ms=&quot;0&quot; started-at=&quot;2017-06-12T12:29:26Z&quot; description=&quot;See ISO 19136: 10.4.5&quot; finished-at=&quot;2017-06-12T12:29:26Z&quot;&gt;<br/> &lt;reporter-output&gt;<br/> &lt;/reporter-output&gt;<br/> &lt;/test-method&gt; &lt;!-- validCurveSegments --&gt;<br/> &lt;test-method status=&quot;SKIP&quot; signature=&quot;curveHasValidCRS()[pri:0, instance:org.opengis.cite.iso19136.data.spatial.CurveTests@655d9d7f]&quot; name=&quot;curveHasValidCRS&quot; duration-ms=&quot;0&quot; started-at=&quot;2017-06-12T12:29:26Z&quot; description=&quot;See ISO 19136: 9.10, 10.1.3.2; ISO 19107: 6.2.2.17&quot; finished-at=&quot;2017-06-12T12:29:26Z&quot;&gt;<br/> &lt;reporter-output&gt;<br/> &lt;/reporter-output&gt;<br/> &lt;/test-method&gt; &lt;!-- curveHasValidCRS --&gt;<br/> &lt;/class&gt; &lt;!-- org.opengis.cite.iso19136.data.spatial.CurveTests --&gt;<br/> &lt;/test&gt; &lt;!-- GML Documents --&gt;<br/> &lt;/suite&gt; &lt;!-- gml32-1.25 --&gt;<br/> </pre>
